-------------------------------------------------------------------------------
Test set: com.weather.eureka.client.configuration.ComWeatherBasicApplicationTests
-------------------------------------------------------------------------------
Tests run: 1, Failures: 0, Errors: 1, Skipped: 0, Time elapsed: 23.923 s <<< FAILURE! - in com.weather.eureka.client.configuration.ComWeatherBasicApplicationTests
contextLoads(com.weather.eureka.client.configuration.ComWeatherBasicApplicationTests)  Time elapsed: 0.002 s  <<< ERROR!
java.lang.IllegalStateException: Failed to load ApplicationContext
Caused by: org.springframework.beans.factory.BeanCreationException: Error creating bean with name 'pathMappedEndpoints' defined in class path resource [org/springframework/boot/actuate/autoconfigure/endpoint/web/WebEndpointAutoConfiguration.class]: Bean instantiation via factory method failed; nested exception is org.springframework.beans.BeanInstantiationException: Failed to instantiate [org.springframework.boot.actuate.endpoint.web.PathMappedEndpoints]: Factory method 'pathMappedEndpoints' threw exception; nested exception is org.springframework.beans.factory.UnsatisfiedDependencyException: Error creating bean with name 'metricsEndpoint' defined in class path resource [org/springframework/boot/actuate/autoconfigure/metrics/MetricsEndpointAutoConfiguration.class]: Unsatisfied dependency expressed through method 'metricsEndpoint' parameter 0; nested exception is org.springframework.beans.factory.BeanCreationException: Error creating bean with name 'simpleMeterRegistry' defined in class path resource [org/springframework/boot/actuate/autoconfigure/metrics/export/simple/SimpleMetricsExportAutoConfiguration.class]: Initialization of bean failed; nested exception is java.lang.NoClassDefFoundError: com/google/common/collect/Lists
Caused by: org.springframework.beans.BeanInstantiationException: Failed to instantiate [org.springframework.boot.actuate.endpoint.web.PathMappedEndpoints]: Factory method 'pathMappedEndpoints' threw exception; nested exception is org.springframework.beans.factory.UnsatisfiedDependencyException: Error creating bean with name 'metricsEndpoint' defined in class path resource [org/springframework/boot/actuate/autoconfigure/metrics/MetricsEndpointAutoConfiguration.class]: Unsatisfied dependency expressed through method 'metricsEndpoint' parameter 0; nested exception is org.springframework.beans.factory.BeanCreationException: Error creating bean with name 'simpleMeterRegistry' defined in class path resource [org/springframework/boot/actuate/autoconfigure/metrics/export/simple/SimpleMetricsExportAutoConfiguration.class]: Initialization of bean failed; nested exception is java.lang.NoClassDefFoundError: com/google/common/collect/Lists
Caused by: org.springframework.beans.factory.UnsatisfiedDependencyException: Error creating bean with name 'metricsEndpoint' defined in class path resource [org/springframework/boot/actuate/autoconfigure/metrics/MetricsEndpointAutoConfiguration.class]: Unsatisfied dependency expressed through method 'metricsEndpoint' parameter 0; nested exception is org.springframework.beans.factory.BeanCreationException: Error creating bean with name 'simpleMeterRegistry' defined in class path resource [org/springframework/boot/actuate/autoconfigure/metrics/export/simple/SimpleMetricsExportAutoConfiguration.class]: Initialization of bean failed; nested exception is java.lang.NoClassDefFoundError: com/google/common/collect/Lists
Caused by: org.springframework.beans.factory.BeanCreationException: Error creating bean with name 'simpleMeterRegistry' defined in class path resource [org/springframework/boot/actuate/autoconfigure/metrics/export/simple/SimpleMetricsExportAutoConfiguration.class]: Initialization of bean failed; nested exception is java.lang.NoClassDefFoundError: com/google/common/collect/Lists
Caused by: java.lang.NoClassDefFoundError: com/google/common/collect/Lists
Caused by: java.lang.ClassNotFoundException: com.google.common.collect.Lists

