<?xml version="1.0" encoding="UTF-8"?>
<testsuite xmlns:xsi="http://www.w3.org/2001/XMLSchema-instance" xsi:noNamespaceSchemaLocation="https://maven.apache.org/surefire/maven-surefire-plugin/xsd/surefire-test-report.xsd" name="com.weather.eureka.client.configuration.ComWeatherBasicApplicationTests" time="23.923" tests="1" errors="1" skipped="0" failures="0">
  <properties>
[...]
</properties>
  <testcase name="contextLoads" classname="com.weather.eureka.client.configuration.ComWeatherBasicApplicationTests" time="0.002">
    <error message="Failed to load ApplicationContext" type="java.lang.IllegalStateException">java.lang.IllegalStateException: Failed to load ApplicationContext
Caused by: org.springframework.beans.factory.BeanCreationException: Error creating bean with name 'pathMappedEndpoints' defined in class path resource [org/springframework/boot/actuate/autoconfigure/endpoint/web/WebEndpointAutoConfiguration.class]: Bean instantiation via factory method failed; nested exception is org.springframework.beans.BeanInstantiationException: Failed to instantiate [org.springframework.boot.actuate.endpoint.web.PathMappedEndpoints]: Factory method 'pathMappedEndpoints' threw exception; nested exception is org.springframework.beans.factory.UnsatisfiedDependencyException: Error creating bean with name 'metricsEndpoint' defined in class path resource [org/springframework/boot/actuate/autoconfigure/metrics/MetricsEndpointAutoConfiguration.class]: Unsatisfied dependency expressed through method 'metricsEndpoint' parameter 0; nested exception is org.springframework.beans.factory.BeanCreationException: Error creating bean with name 'simpleMeterRegistry' defined in class path resource [org/springframework/boot/actuate/autoconfigure/metrics/export/simple/SimpleMetricsExportAutoConfiguration.class]: Initialization of bean failed; nested exception is java.lang.NoClassDefFoundError: com/google/common/collect/Lists
Caused by: org.springframework.beans.BeanInstantiationException: Failed to instantiate [org.springframework.boot.actuate.endpoint.web.PathMappedEndpoints]: Factory method 'pathMappedEndpoints' threw exception; nested exception is org.springframework.beans.factory.UnsatisfiedDependencyException: Error creating bean with name 'metricsEndpoint' defined in class path resource [org/springframework/boot/actuate/autoconfigure/metrics/MetricsEndpointAutoConfiguration.class]: Unsatisfied dependency expressed through method 'metricsEndpoint' parameter 0; nested exception is org.springframework.beans.factory.BeanCreationException: Error creating bean with name 'simpleMeterRegistry' defined in class path resource [org/springframework/boot/actuate/autoconfigure/metrics/export/simple/SimpleMetricsExportAutoConfiguration.class]: Initialization of bean failed; nested exception is java.lang.NoClassDefFoundError: com/google/common/collect/Lists
Caused by: org.springframework.beans.factory.UnsatisfiedDependencyException: Error creating bean with name 'metricsEndpoint' defined in class path resource [org/springframework/boot/actuate/autoconfigure/metrics/MetricsEndpointAutoConfiguration.class]: Unsatisfied dependency expressed through method 'metricsEndpoint' parameter 0; nested exception is org.springframework.beans.factory.BeanCreationException: Error creating bean with name 'simpleMeterRegistry' defined in class path resource [org/springframework/boot/actuate/autoconfigure/metrics/export/simple/SimpleMetricsExportAutoConfiguration.class]: Initialization of bean failed; nested exception is java.lang.NoClassDefFoundError: com/google/common/collect/Lists
Caused by: org.springframework.beans.factory.BeanCreationException: Error creating bean with name 'simpleMeterRegistry' defined in class path resource [org/springframework/boot/actuate/autoconfigure/metrics/export/simple/SimpleMetricsExportAutoConfiguration.class]: Initialization of bean failed; nested exception is java.lang.NoClassDefFoundError: com/google/common/collect/Lists
Caused by: java.lang.NoClassDefFoundError: com/google/common/collect/Lists
Caused by: java.lang.ClassNotFoundException: com.google.common.collect.Lists
</error>
    <system-out><![CDATA[00:00:15.788 [main] DEBUG org.springframework.test.context.junit4.SpringJUnit4ClassRunner - SpringJUnit4ClassRunner constructor called with [class com.weather.eureka.client.configuration.ComWeatherBasicApplicationTests]
00:00:15.801 [main] DEBUG org.springframework.test.context.BootstrapUtils - Instantiating CacheAwareContextLoaderDelegate from class [org.springframework.test.context.cache.DefaultCacheAwareContextLoaderDelegate]
00:00:15.818 [main] DEBUG org.springframework.test.context.BootstrapUtils - Instantiating BootstrapContext using constructor [public org.springframework.test.context.support.DefaultBootstrapContext(java.lang.Class,org.springframework.test.context.CacheAwareContextLoaderDelegate)]
00:00:15.882 [main] DEBUG org.springframework.test.context.BootstrapUtils - Instantiating TestContextBootstrapper for test class [com.weather.eureka.client.configuration.ComWeatherBasicApplicationTests] from class [org.springframework.boot.test.context.SpringBootTestContextBootstrapper]
00:00:15.908 [main] INFO org.springframework.boot.test.context.SpringBootTestContextBootstrapper - Neither @ContextConfiguration nor @ContextHierarchy found for test class [com.weather.eureka.client.configuration.ComWeatherBasicApplicationTests], using SpringBootContextLoader
00:00:15.915 [main] DEBUG org.springframework.test.context.support.AbstractContextLoader - Did not detect default resource location for test class [com.weather.eureka.client.configuration.ComWeatherBasicApplicationTests]: class path resource [com/weather/eureka/client/configuration/ComWeatherBasicApplicationTests-context.xml] does not exist
00:00:15.915 [main] DEBUG org.springframework.test.context.support.AbstractContextLoader - Did not detect default resource location for test class [com.weather.eureka.client.configuration.ComWeatherBasicApplicationTests]: class path resource [com/weather/eureka/client/configuration/ComWeatherBasicApplicationTestsContext.groovy] does not exist
00:00:15.916 [main] INFO org.springframework.test.context.support.AbstractContextLoader - Could not detect default resource locations for test class [com.weather.eureka.client.configuration.ComWeatherBasicApplicationTests]: no resource found for suffixes {-context.xml, Context.groovy}.
00:00:15.917 [main] INFO org.springframework.test.context.support.AnnotationConfigContextLoaderUtils - Could not detect default configuration classes for test class [com.weather.eureka.client.configuration.ComWeatherBasicApplicationTests]: ComWeatherBasicApplicationTests does not declare any static, non-private, non-final, nested classes annotated with @Configuration.
00:00:16.074 [main] DEBUG org.springframework.test.context.support.ActiveProfilesUtils - Could not find an 'annotation declaring class' for annotation type [org.springframework.test.context.ActiveProfiles] and class [com.weather.eureka.client.configuration.ComWeatherBasicApplicationTests]
00:00:16.092 [main] DEBUG org.springframework.core.env.StandardEnvironment - Adding PropertySource 'systemProperties' with lowest search precedence
00:00:16.093 [main] DEBUG org.springframework.core.env.StandardEnvironment - Adding PropertySource 'systemEnvironment' with lowest search precedence
00:00:16.094 [main] DEBUG org.springframework.core.env.StandardEnvironment - Initialized StandardEnvironment with PropertySources [MapPropertySource@260840925 {name='systemProperties', properties={idea.version=2017.1.3, java.runtime.name=Java(TM) SE Runtime Environment, sun.boot.library.path=C:\Program Files\Java\jdk1.8.0_131\jre\bin, java.vm.version=25.131-b11, java.vm.vendor=Oracle Corporation, java.vendor.url=http://java.oracle.com/, path.separator=;, java.vm.name=Java HotSpot(TM) 64-Bit Server VM, file.encoding.pkg=sun.io, user.country=CN, user.script=, sun.java.launcher=SUN_STANDARD, sun.os.patch.level=Service Pack 1, java.vm.specification.name=Java Virtual Machine Specification, user.dir=G:\study\Springboot-weather\com-weather-eureka-server, java.runtime.version=1.8.0_131-b11, basedir=G:\study\Springboot-weather\com-weather-eureka-server, java.awt.graphicsenv=sun.awt.Win32GraphicsEnvironment, java.endorsed.dirs=C:\Program Files\Java\jdk1.8.0_131\jre\lib\endorsed, os.arch=amd64, surefire.real.class.path=C:\Users\GUO~1.WAN\AppData\Local\Temp\surefire9134755386986826269\surefirebooter6048261795257909518.jar, java.io.tmpdir=C:\Users\GUO~1.WAN\AppData\Local\Temp\, line.separator=
, java.vm.specification.vendor=Oracle Corporation, user.variant=, os.name=Windows 7, sun.jnu.encoding=GBK, java.library.path=C:\Program Files\Java\jdk1.8.0_131\jre\bin;C:\Windows\Sun\Java\bin;C:\Windows\system32;C:\Windows;D:\oracle\product\10.2.0\client_3\bin;C:\Program Files\Java\jdk1.8.0_131\bin;C:\Program Files\Java\jdk1.8.0_131\jre\bin;C:\Windows\system32;C:\Windows;C:\Windows\System32\Wbem;G:\apache-maven-3.3.9\bin;E:\Program Files (x86)\MySQL\MySQL Server 5.5\bin;C:\Program Files\Git\cmd;C:\Program Files\TortoiseGit\bin;C:\Program Files\GeelyShareC:\Program Files\Git\cmd;C:\Program Files\TortoiseSVN\bin;E:\Ora10InstantClient;., surefire.test.class.path=G:\study\Springboot-weather\com-weather-eureka-server\target\test-classes;G:\study\Springboot-weather\com-weather-eureka-server\target\classes;E:\repo\org\springframework\cloud\spring-cloud-starter-netflix-eureka-server\2.0.1.RELEASE\spring-cloud-starter-netflix-eureka-server-2.0.1.RELEASE.jar;E:\repo\org\springframework\cloud\spring-cloud-starter\2.0.1.RELEASE\spring-cloud-starter-2.0.1.RELEASE.jar;E:\repo\org\springframework\cloud\spring-cloud-context\2.0.1.RELEASE\spring-cloud-context-2.0.1.RELEASE.jar;E:\repo\org\springframework\security\spring-security-crypto\5.0.4.RELEASE\spring-security-crypto-5.0.4.RELEASE.jar;E:\repo\org\springframework\cloud\spring-cloud-commons\2.0.1.RELEASE\spring-cloud-commons-2.0.1.RELEASE.jar;E:\repo\org\springframework\security\spring-security-rsa\1.0.5.RELEASE\spring-security-rsa-1.0.5.RELEASE.jar;E:\repo\org\bouncycastle\bcpkix-jdk15on\1.56\bcpkix-jdk15on-1.56.jar;E:\repo\org\bouncycastle\bcprov-jdk15on\1.56\bcprov-jdk15on-1.56.jar;E:\repo\org\springframework\cloud\spring-cloud-netflix-eureka-server\2.0.1.RELEASE\spring-cloud-netflix-eureka-server-2.0.1.RELEASE.jar;E:\repo\org\springframework\boot\spring-boot-starter-actuator\2.0.1.RELEASE\spring-boot-starter-actuator-2.0.1.RELEASE.jar;E:\repo\org\springframework\boot\spring-boot-actuator-autoconfigure\2.0.1.RELEASE\spring-boot-actuator-autoconfigure-2.0.1.RELEASE.jar;E:\repo\org\springframework\boot\spring-boot-actuator\2.0.1.RELEASE\spring-boot-actuator-2.0.1.RELEASE.jar;E:\repo\io\micrometer\micrometer-core\1.0.3\micrometer-core-1.0.3.jar;E:\repo\org\hdrhistogram\HdrHistogram\2.1.10\HdrHistogram-2.1.10.jar;E:\repo\org\latencyutils\LatencyUtils\2.0.3\LatencyUtils-2.0.3.jar;E:\repo\org\springframework\boot\spring-boot-starter-freemarker\2.0.1.RELEASE\spring-boot-starter-freemarker-2.0.1.RELEASE.jar;E:\repo\org\freemarker\freemarker\2.3.28\freemarker-2.3.28.jar;E:\repo\org\springframework\cloud\spring-cloud-netflix-core\2.0.1.RELEASE\spring-cloud-netflix-core-2.0.1.RELEASE.jar;E:\repo\org\springframework\boot\spring-boot-starter-aop\2.0.1.RELEASE\spring-boot-starter-aop-2.0.1.RELEASE.jar;E:\repo\org\aspectj\aspectjweaver\1.8.13\aspectjweaver-1.8.13.jar;E:\repo\org\springframework\cloud\spring-cloud-netflix-eureka-client\2.0.1.RELEASE\spring-cloud-netflix-eureka-client-2.0.1.RELEASE.jar;E:\repo\com\netflix\eureka\eureka-client\1.9.3\eureka-client-1.9.3.jar;E:\repo\org\codehaus\jettison\jettison\1.3.7\jettison-1.3.7.jar;E:\repo\stax\stax-api\1.0.1\stax-api-1.0.1.jar;E:\repo\com\netflix\netflix-commons\netflix-eventbus\0.3.0\netflix-eventbus-0.3.0.jar;E:\repo\com\netflix\netflix-commons\netflix-infix\0.3.0\netflix-infix-0.3.0.jar;E:\repo\commons-jxpath\commons-jxpath\1.3\commons-jxpath-1.3.jar;E:\repo\joda-time\joda-time\2.9.9\joda-time-2.9.9.jar;E:\repo\org\antlr\antlr-runtime\3.4\antlr-runtime-3.4.jar;E:\repo\org\antlr\stringtemplate\3.2.1\stringtemplate-3.2.1.jar;E:\repo\antlr\antlr\2.7.7\antlr-2.7.7.jar;E:\repo\com\google\code\gson\gson\2.8.2\gson-2.8.2.jar;E:\repo\org\apache\commons\commons-math\2.2\commons-math-2.2.jar;E:\repo\javax\ws\rs\jsr311-api\1.1.1\jsr311-api-1.1.1.jar;E:\repo\com\netflix\servo\servo-core\0.12.21\servo-core-0.12.21.jar;E:\repo\com\sun\jersey\jersey-core\1.19.1\jersey-core-1.19.1.jar;E:\repo\com\sun\jersey\jersey-client\1.19.1\jersey-client-1.19.1.jar;E:\repo\com\sun\jersey\contribs\jersey-apache-client4\1.19.1\jersey-apache-client4-1.19.1.jar;E:\repo\com\google\inject\guice\4.1.0\guice-4.1.0.jar;E:\repo\aopalliance\aopalliance\1.0\aopalliance-1.0.jar;E:\repo\com\github\vlsi\compactmap\compactmap\1.2.1\compactmap-1.2.1.jar;E:\repo\com\github\andrewoma\dexx\dexx-collections\0.2\dexx-collections-0.2.jar;E:\repo\com\fasterxml\jackson\core\jackson-annotations\2.9.0\jackson-annotations-2.9.0.jar;E:\repo\com\fasterxml\jackson\core\jackson-core\2.9.5\jackson-core-2.9.5.jar;E:\repo\com\sun\jersey\jersey-servlet\1.19.1\jersey-servlet-1.19.1.jar;E:\repo\com\sun\jersey\jersey-server\1.19.1\jersey-server-1.19.1.jar;E:\repo\com\netflix\eureka\eureka-core\1.9.3\eureka-core-1.9.3.jar;E:\repo\org\codehaus\woodstox\woodstox-core-asl\4.4.1\woodstox-core-asl-4.4.1.jar;E:\repo\javax\xml\stream\stax-api\1.0-2\stax-api-1.0-2.jar;E:\repo\com\netflix\archaius\archaius-core\0.7.6\archaius-core-0.7.6.jar;E:\repo\com\google\code\findbugs\jsr305\3.0.1\jsr305-3.0.1.jar;E:\repo\javax\inject\javax.inject\1\javax.inject-1.jar;E:\repo\com\fasterxml\jackson\dataformat\jackson-dataformat-xml\2.9.5\jackson-dataformat-xml-2.9.5.jar;E:\repo\com\fasterxml\jackson\module\jackson-module-jaxb-annotations\2.9.5\jackson-module-jaxb-annotations-2.9.5.jar;E:\repo\org\codehaus\woodstox\stax2-api\3.1.4\stax2-api-3.1.4.jar;E:\repo\com\fasterxml\woodstox\woodstox-core\5.0.3\woodstox-core-5.0.3.jar;E:\repo\com\thoughtworks\xstream\xstream\1.4.10\xstream-1.4.10.jar;E:\repo\xmlpull\xmlpull\1.1.3.1\xmlpull-1.1.3.1.jar;E:\repo\xpp3\xpp3_min\1.1.4c\xpp3_min-1.1.4c.jar;E:\repo\org\springframework\cloud\spring-cloud-starter-netflix-archaius\2.0.1.RELEASE\spring-cloud-starter-netflix-archaius-2.0.1.RELEASE.jar;E:\repo\org\springframework\cloud\spring-cloud-netflix-ribbon\2.0.1.RELEASE\spring-cloud-netflix-ribbon-2.0.1.RELEASE.jar;E:\repo\org\springframework\cloud\spring-cloud-netflix-archaius\2.0.1.RELEASE\spring-cloud-netflix-archaius-2.0.1.RELEASE.jar;E:\repo\commons-configuration\commons-configuration\1.8\commons-configuration-1.8.jar;E:\repo\commons-lang\commons-lang\2.6\commons-lang-2.6.jar;E:\repo\org\springframework\cloud\spring-cloud-starter-netflix-ribbon\2.0.1.RELEASE\spring-cloud-starter-netflix-ribbon-2.0.1.RELEASE.jar;E:\repo\com\netflix\ribbon\ribbon\2.2.5\ribbon-2.2.5.jar;E:\repo\com\netflix\ribbon\ribbon-transport\2.2.5\ribbon-transport-2.2.5.jar;E:\repo\io\reactivex\rxnetty-contexts\0.4.9\rxnetty-contexts-0.4.9.jar;E:\repo\io\reactivex\rxnetty-servo\0.4.9\rxnetty-servo-0.4.9.jar;E:\repo\com\netflix\hystrix\hystrix-core\1.5.12\hystrix-core-1.5.12.jar;E:\repo\io\reactivex\rxnetty\0.4.9\rxnetty-0.4.9.jar;E:\repo\io\netty\netty-codec-http\4.1.23.Final\netty-codec-http-4.1.23.Final.jar;E:\repo\io\netty\netty-transport-native-epoll\4.1.23.Final\netty-transport-native-epoll-4.1.23.Final.jar;E:\repo\io\netty\netty-transport-native-unix-common\4.1.23.Final\netty-transport-native-unix-common-4.1.23.Final.jar;E:\repo\com\netflix\ribbon\ribbon-core\2.2.5\ribbon-core-2.2.5.jar;E:\repo\com\netflix\ribbon\ribbon-httpclient\2.2.5\ribbon-httpclient-2.2.5.jar;E:\repo\commons-collections\commons-collections\3.2.2\commons-collections-3.2.2.jar;E:\repo\com\netflix\netflix-commons\netflix-commons-util\0.3.0\netflix-commons-util-0.3.0.jar;E:\repo\com\netflix\ribbon\ribbon-loadbalancer\2.2.5\ribbon-loadbalancer-2.2.5.jar;E:\repo\com\netflix\netflix-commons\netflix-statistics\0.1.1\netflix-statistics-0.1.1.jar;E:\repo\io\reactivex\rxjava\1.3.8\rxjava-1.3.8.jar;E:\repo\com\netflix\ribbon\ribbon-eureka\2.2.5\ribbon-eureka-2.2.5.jar;E:\repo\com-weather\com-weather-model\1.0-SNAPSHOT\com-weather-model-1.0-SNAPSHOT.jar;E:\repo\com-weather\com-weather-utils\1.0-SNAPSHOT\com-weather-utils-1.0-SNAPSHOT.jar;E:\repo\org\springframework\boot\spring-boot-starter-web\2.0.1.RELEASE\spring-boot-starter-web-2.0.1.RELEASE.jar;E:\repo\org\springframework\boot\spring-boot-starter\2.0.1.RELEASE\spring-boot-starter-2.0.1.RELEASE.jar;E:\repo\org\springframework\boot\spring-boot\2.0.1.RELEASE\spring-boot-2.0.1.RELEASE.jar;E:\repo\org\springframework\boot\spring-boot-autoconfigure\2.0.1.RELEASE\spring-boot-autoconfigure-2.0.1.RELEASE.jar;E:\repo\org\springframework\boot\spring-boot-starter-logging\2.0.1.RELEASE\spring-boot-starter-logging-2.0.1.RELEASE.jar;E:\repo\ch\qos\logback\logback-classic\1.2.3\logback-classic-1.2.3.jar;E:\repo\ch\qos\logback\logback-core\1.2.3\logback-core-1.2.3.jar;E:\repo\org\apache\logging\log4j\log4j-to-slf4j\2.10.0\log4j-to-slf4j-2.10.0.jar;E:\repo\org\apache\logging\log4j\log4j-api\2.10.0\log4j-api-2.10.0.jar;E:\repo\org\slf4j\jul-to-slf4j\1.7.25\jul-to-slf4j-1.7.25.jar;E:\repo\javax\annotation\javax.annotation-api\1.3.2\javax.annotation-api-1.3.2.jar;E:\repo\org\yaml\snakeyaml\1.19\snakeyaml-1.19.jar;E:\repo\org\springframework\boot\spring-boot-starter-json\2.0.1.RELEASE\spring-boot-starter-json-2.0.1.RELEASE.jar;E:\repo\com\fasterxml\jackson\core\jackson-databind\2.9.5\jackson-databind-2.9.5.jar;E:\repo\com\fasterxml\jackson\datatype\jackson-datatype-jdk8\2.9.5\jackson-datatype-jdk8-2.9.5.jar;E:\repo\com\fasterxml\jackson\datatype\jackson-datatype-jsr310\2.9.5\jackson-datatype-jsr310-2.9.5.jar;E:\repo\com\fasterxml\jackson\module\jackson-module-parameter-names\2.9.5\jackson-module-parameter-names-2.9.5.jar;E:\repo\org\springframework\boot\spring-boot-starter-tomcat\2.0.1.RELEASE\spring-boot-starter-tomcat-2.0.1.RELEASE.jar;E:\repo\org\apache\tomcat\embed\tomcat-embed-core\8.5.29\tomcat-embed-core-8.5.29.jar;E:\repo\org\apache\tomcat\embed\tomcat-embed-el\8.5.29\tomcat-embed-el-8.5.29.jar;E:\repo\org\apache\tomcat\embed\tomcat-embed-websocket\8.5.29\tomcat-embed-websocket-8.5.29.jar;E:\repo\org\hibernate\validator\hibernate-validator\6.0.9.Final\hibernate-validator-6.0.9.Final.jar;E:\repo\javax\validation\validation-api\2.0.1.Final\validation-api-2.0.1.Final.jar;E:\repo\org\jboss\logging\jboss-logging\3.3.2.Final\jboss-logging-3.3.2.Final.jar;E:\repo\com\fasterxml\classmate\1.3.4\classmate-1.3.4.jar;E:\repo\org\springframework\spring-web\5.0.5.RELEASE\spring-web-5.0.5.RELEASE.jar;E:\repo\org\springframework\spring-beans\5.0.5.RELEASE\spring-beans-5.0.5.RELEASE.jar;E:\repo\org\springframework\spring-webmvc\5.0.5.RELEASE\spring-webmvc-5.0.5.RELEASE.jar;E:\repo\org\springframework\spring-aop\5.0.5.RELEASE\spring-aop-5.0.5.RELEASE.jar;E:\repo\org\springframework\spring-context\5.0.5.RELEASE\spring-context-5.0.5.RELEASE.jar;E:\repo\org\springframework\spring-expression\5.0.5.RELEASE\spring-expression-5.0.5.RELEASE.jar;E:\repo\org\springframework\boot\spring-boot-starter-data-redis\2.0.1.RELEASE\spring-boot-starter-data-redis-2.0.1.RELEASE.jar;E:\repo\org\springframework\data\spring-data-redis\2.0.6.RELEASE\spring-data-redis-2.0.6.RELEASE.jar;E:\repo\org\springframework\data\spring-data-keyvalue\2.0.6.RELEASE\spring-data-keyvalue-2.0.6.RELEASE.jar;E:\repo\org\springframework\data\spring-data-commons\2.0.6.RELEASE\spring-data-commons-2.0.6.RELEASE.jar;E:\repo\org\springframework\spring-oxm\5.0.5.RELEASE\spring-oxm-5.0.5.RELEASE.jar;E:\repo\io\lettuce\lettuce-core\5.0.3.RELEASE\lettuce-core-5.0.3.RELEASE.jar;E:\repo\io\projectreactor\reactor-core\3.1.6.RELEASE\reactor-core-3.1.6.RELEASE.jar;E:\repo\org\reactivestreams\reactive-streams\1.0.2\reactive-streams-1.0.2.jar;E:\repo\io\netty\netty-common\4.1.23.Final\netty-common-4.1.23.Final.jar;E:\repo\io\netty\netty-transport\4.1.23.Final\netty-transport-4.1.23.Final.jar;E:\repo\io\netty\netty-buffer\4.1.23.Final\netty-buffer-4.1.23.Final.jar;E:\repo\io\netty\netty-resolver\4.1.23.Final\netty-resolver-4.1.23.Final.jar;E:\repo\io\netty\netty-handler\4.1.23.Final\netty-handler-4.1.23.Final.jar;E:\repo\io\netty\netty-codec\4.1.23.Final\netty-codec-4.1.23.Final.jar;E:\repo\org\springframework\boot\spring-boot-starter-quartz\2.0.1.RELEASE\spring-boot-starter-quartz-2.0.1.RELEASE.jar;E:\repo\org\springframework\spring-context-support\5.0.5.RELEASE\spring-context-support-5.0.5.RELEASE.jar;E:\repo\org\springframework\spring-tx\5.0.5.RELEASE\spring-tx-5.0.5.RELEASE.jar;E:\repo\org\springframework\boot\spring-boot-starter-thymeleaf\2.0.1.RELEASE\spring-boot-starter-thymeleaf-2.0.1.RELEASE.jar;E:\repo\org\thymeleaf\thymeleaf-spring5\3.0.9.RELEASE\thymeleaf-spring5-3.0.9.RELEASE.jar;E:\repo\org\thymeleaf\thymeleaf\3.0.9.RELEASE\thymeleaf-3.0.9.RELEASE.jar;E:\repo\org\attoparser\attoparser\2.0.4.RELEASE\attoparser-2.0.4.RELEASE.jar;E:\repo\org\unbescape\unbescape\1.1.5.RELEASE\unbescape-1.1.5.RELEASE.jar;E:\repo\org\thymeleaf\extras\thymeleaf-extras-java8time\3.0.1.RELEASE\thymeleaf-extras-java8time-3.0.1.RELEASE.jar;E:\repo\org\quartz-scheduler\quartz\2.2.1\quartz-2.2.1.jar;E:\repo\c3p0\c3p0\0.9.1.1\c3p0-0.9.1.1.jar;E:\repo\org\slf4j\slf4j-api\1.7.25\slf4j-api-1.7.25.jar;E:\repo\org\springframework\boot\spring-boot-starter-test\2.0.1.RELEASE\spring-boot-starter-test-2.0.1.RELEASE.jar;E:\repo\org\springframework\boot\spring-boot-test\2.0.1.RELEASE\spring-boot-test-2.0.1.RELEASE.jar;E:\repo\org\springframework\boot\spring-boot-test-autoconfigure\2.0.1.RELEASE\spring-boot-test-autoconfigure-2.0.1.RELEASE.jar;E:\repo\com\jayway\jsonpath\json-path\2.4.0\json-path-2.4.0.jar;E:\repo\net\minidev\json-smart\2.3\json-smart-2.3.jar;E:\repo\net\minidev\accessors-smart\1.2\accessors-smart-1.2.jar;E:\repo\org\ow2\asm\asm\5.0.4\asm-5.0.4.jar;E:\repo\junit\junit\4.12\junit-4.12.jar;E:\repo\org\assertj\assertj-core\3.9.1\assertj-core-3.9.1.jar;E:\repo\org\mockito\mockito-core\2.15.0\mockito-core-2.15.0.jar;E:\repo\net\bytebuddy\byte-buddy\1.7.11\byte-buddy-1.7.11.jar;E:\repo\net\bytebuddy\byte-buddy-agent\1.7.11\byte-buddy-agent-1.7.11.jar;E:\repo\org\objenesis\objenesis\2.6\objenesis-2.6.jar;E:\repo\org\hamcrest\hamcrest-core\1.3\hamcrest-core-1.3.jar;E:\repo\org\hamcrest\hamcrest-library\1.3\hamcrest-library-1.3.jar;E:\repo\org\skyscreamer\jsonassert\1.5.0\jsonassert-1.5.0.jar;E:\repo\com\vaadin\external\google\android-json\0.0.20131108.vaadin1\android-json-0.0.20131108.vaadin1.jar;E:\repo\org\springframework\spring-core\5.0.5.RELEASE\spring-core-5.0.5.RELEASE.jar;E:\repo\org\springframework\spring-jcl\5.0.5.RELEASE\spring-jcl-5.0.5.RELEASE.jar;E:\repo\org\springframework\spring-test\5.0.5.RELEASE\spring-test-5.0.5.RELEASE.jar;E:\repo\org\xmlunit\xmlunit-core\2.5.1\xmlunit-core-2.5.1.jar;E:\repo\org\apache\httpcomponents\httpclient\4.5.6\httpclient-4.5.6.jar;E:\repo\org\apache\httpcomponents\httpcore\4.4.9\httpcore-4.4.9.jar;E:\repo\commons-codec\commons-codec\1.11\commons-codec-1.11.jar;E:\repo\org\springframework\springloaded\1.2.8.RELEASE\springloaded-1.2.8.RELEASE.jar;, java.specification.name=Java Platform API Specification, java.class.version=52.0, sun.management.compiler=HotSpot 64-Bit Tiered Compilers, os.version=6.1, user.home=C:\Users\guo.wangheng, user.timezone=Asia/Shanghai, java.awt.printerjob=sun.awt.windows.WPrinterJob, file.encoding=GBK, java.specification.version=1.8, java.class.path=G:\study\Springboot-weather\com-weather-eureka-server\target\test-classes;G:\study\Springboot-weather\com-weather-eureka-server\target\classes;E:\repo\org\springframework\cloud\spring-cloud-starter-netflix-eureka-server\2.0.1.RELEASE\spring-cloud-starter-netflix-eureka-server-2.0.1.RELEASE.jar;E:\repo\org\springframework\cloud\spring-cloud-starter\2.0.1.RELEASE\spring-cloud-starter-2.0.1.RELEASE.jar;E:\repo\org\springframework\cloud\spring-cloud-context\2.0.1.RELEASE\spring-cloud-context-2.0.1.RELEASE.jar;E:\repo\org\springframework\security\spring-security-crypto\5.0.4.RELEASE\spring-security-crypto-5.0.4.RELEASE.jar;E:\repo\org\springframework\cloud\spring-cloud-commons\2.0.1.RELEASE\spring-cloud-commons-2.0.1.RELEASE.jar;E:\repo\org\springframework\security\spring-security-rsa\1.0.5.RELEASE\spring-security-rsa-1.0.5.RELEASE.jar;E:\repo\org\bouncycastle\bcpkix-jdk15on\1.56\bcpkix-jdk15on-1.56.jar;E:\repo\org\bouncycastle\bcprov-jdk15on\1.56\bcprov-jdk15on-1.56.jar;E:\repo\org\springframework\cloud\spring-cloud-netflix-eureka-server\2.0.1.RELEASE\spring-cloud-netflix-eureka-server-2.0.1.RELEASE.jar;E:\repo\org\springframework\boot\spring-boot-starter-actuator\2.0.1.RELEASE\spring-boot-starter-actuator-2.0.1.RELEASE.jar;E:\repo\org\springframework\boot\spring-boot-actuator-autoconfigure\2.0.1.RELEASE\spring-boot-actuator-autoconfigure-2.0.1.RELEASE.jar;E:\repo\org\springframework\boot\spring-boot-actuator\2.0.1.RELEASE\spring-boot-actuator-2.0.1.RELEASE.jar;E:\repo\io\micrometer\micrometer-core\1.0.3\micrometer-core-1.0.3.jar;E:\repo\org\hdrhistogram\HdrHistogram\2.1.10\HdrHistogram-2.1.10.jar;E:\repo\org\latencyutils\LatencyUtils\2.0.3\LatencyUtils-2.0.3.jar;E:\repo\org\springframework\boot\spring-boot-starter-freemarker\2.0.1.RELEASE\spring-boot-starter-freemarker-2.0.1.RELEASE.jar;E:\repo\org\freemarker\freemarker\2.3.28\freemarker-2.3.28.jar;E:\repo\org\springframework\cloud\spring-cloud-netflix-core\2.0.1.RELEASE\spring-cloud-netflix-core-2.0.1.RELEASE.jar;E:\repo\org\springframework\boot\spring-boot-starter-aop\2.0.1.RELEASE\spring-boot-starter-aop-2.0.1.RELEASE.jar;E:\repo\org\aspectj\aspectjweaver\1.8.13\aspectjweaver-1.8.13.jar;E:\repo\org\springframework\cloud\spring-cloud-netflix-eureka-client\2.0.1.RELEASE\spring-cloud-netflix-eureka-client-2.0.1.RELEASE.jar;E:\repo\com\netflix\eureka\eureka-client\1.9.3\eureka-client-1.9.3.jar;E:\repo\org\codehaus\jettison\jettison\1.3.7\jettison-1.3.7.jar;E:\repo\stax\stax-api\1.0.1\stax-api-1.0.1.jar;E:\repo\com\netflix\netflix-commons\netflix-eventbus\0.3.0\netflix-eventbus-0.3.0.jar;E:\repo\com\netflix\netflix-commons\netflix-infix\0.3.0\netflix-infix-0.3.0.jar;E:\repo\commons-jxpath\commons-jxpath\1.3\commons-jxpath-1.3.jar;E:\repo\joda-time\joda-time\2.9.9\joda-time-2.9.9.jar;E:\repo\org\antlr\antlr-runtime\3.4\antlr-runtime-3.4.jar;E:\repo\org\antlr\stringtemplate\3.2.1\stringtemplate-3.2.1.jar;E:\repo\antlr\antlr\2.7.7\antlr-2.7.7.jar;E:\repo\com\google\code\gson\gson\2.8.2\gson-2.8.2.jar;E:\repo\org\apache\commons\commons-math\2.2\commons-math-2.2.jar;E:\repo\javax\ws\rs\jsr311-api\1.1.1\jsr311-api-1.1.1.jar;E:\repo\com\netflix\servo\servo-core\0.12.21\servo-core-0.12.21.jar;E:\repo\com\sun\jersey\jersey-core\1.19.1\jersey-core-1.19.1.jar;E:\repo\com\sun\jersey\jersey-client\1.19.1\jersey-client-1.19.1.jar;E:\repo\com\sun\jersey\contribs\jersey-apache-client4\1.19.1\jersey-apache-client4-1.19.1.jar;E:\repo\com\google\inject\guice\4.1.0\guice-4.1.0.jar;E:\repo\aopalliance\aopalliance\1.0\aopalliance-1.0.jar;E:\repo\com\github\vlsi\compactmap\compactmap\1.2.1\compactmap-1.2.1.jar;E:\repo\com\github\andrewoma\dexx\dexx-collections\0.2\dexx-collections-0.2.jar;E:\repo\com\fasterxml\jackson\core\jackson-annotations\2.9.0\jackson-annotations-2.9.0.jar;E:\repo\com\fasterxml\jackson\core\jackson-core\2.9.5\jackson-core-2.9.5.jar;E:\repo\com\sun\jersey\jersey-servlet\1.19.1\jersey-servlet-1.19.1.jar;E:\repo\com\sun\jersey\jersey-server\1.19.1\jersey-server-1.19.1.jar;E:\repo\com\netflix\eureka\eureka-core\1.9.3\eureka-core-1.9.3.jar;E:\repo\org\codehaus\woodstox\woodstox-core-asl\4.4.1\woodstox-core-asl-4.4.1.jar;E:\repo\javax\xml\stream\stax-api\1.0-2\stax-api-1.0-2.jar;E:\repo\com\netflix\archaius\archaius-core\0.7.6\archaius-core-0.7.6.jar;E:\repo\com\google\code\findbugs\jsr305\3.0.1\jsr305-3.0.1.jar;E:\repo\javax\inject\javax.inject\1\javax.inject-1.jar;E:\repo\com\fasterxml\jackson\dataformat\jackson-dataformat-xml\2.9.5\jackson-dataformat-xml-2.9.5.jar;E:\repo\com\fasterxml\jackson\module\jackson-module-jaxb-annotations\2.9.5\jackson-module-jaxb-annotations-2.9.5.jar;E:\repo\org\codehaus\woodstox\stax2-api\3.1.4\stax2-api-3.1.4.jar;E:\repo\com\fasterxml\woodstox\woodstox-core\5.0.3\woodstox-core-5.0.3.jar;E:\repo\com\thoughtworks\xstream\xstream\1.4.10\xstream-1.4.10.jar;E:\repo\xmlpull\xmlpull\1.1.3.1\xmlpull-1.1.3.1.jar;E:\repo\xpp3\xpp3_min\1.1.4c\xpp3_min-1.1.4c.jar;E:\repo\org\springframework\cloud\spring-cloud-starter-netflix-archaius\2.0.1.RELEASE\spring-cloud-starter-netflix-archaius-2.0.1.RELEASE.jar;E:\repo\org\springframework\cloud\spring-cloud-netflix-ribbon\2.0.1.RELEASE\spring-cloud-netflix-ribbon-2.0.1.RELEASE.jar;E:\repo\org\springframework\cloud\spring-cloud-netflix-archaius\2.0.1.RELEASE\spring-cloud-netflix-archaius-2.0.1.RELEASE.jar;E:\repo\commons-configuration\commons-configuration\1.8\commons-configuration-1.8.jar;E:\repo\commons-lang\commons-lang\2.6\commons-lang-2.6.jar;E:\repo\org\springframework\cloud\spring-cloud-starter-netflix-ribbon\2.0.1.RELEASE\spring-cloud-starter-netflix-ribbon-2.0.1.RELEASE.jar;E:\repo\com\netflix\ribbon\ribbon\2.2.5\ribbon-2.2.5.jar;E:\repo\com\netflix\ribbon\ribbon-transport\2.2.5\ribbon-transport-2.2.5.jar;E:\repo\io\reactivex\rxnetty-contexts\0.4.9\rxnetty-contexts-0.4.9.jar;E:\repo\io\reactivex\rxnetty-servo\0.4.9\rxnetty-servo-0.4.9.jar;E:\repo\com\netflix\hystrix\hystrix-core\1.5.12\hystrix-core-1.5.12.jar;E:\repo\io\reactivex\rxnetty\0.4.9\rxnetty-0.4.9.jar;E:\repo\io\netty\netty-codec-http\4.1.23.Final\netty-codec-http-4.1.23.Final.jar;E:\repo\io\netty\netty-transport-native-epoll\4.1.23.Final\netty-transport-native-epoll-4.1.23.Final.jar;E:\repo\io\netty\netty-transport-native-unix-common\4.1.23.Final\netty-transport-native-unix-common-4.1.23.Final.jar;E:\repo\com\netflix\ribbon\ribbon-core\2.2.5\ribbon-core-2.2.5.jar;E:\repo\com\netflix\ribbon\ribbon-httpclient\2.2.5\ribbon-httpclient-2.2.5.jar;E:\repo\commons-collections\commons-collections\3.2.2\commons-collections-3.2.2.jar;E:\repo\com\netflix\netflix-commons\netflix-commons-util\0.3.0\netflix-commons-util-0.3.0.jar;E:\repo\com\netflix\ribbon\ribbon-loadbalancer\2.2.5\ribbon-loadbalancer-2.2.5.jar;E:\repo\com\netflix\netflix-commons\netflix-statistics\0.1.1\netflix-statistics-0.1.1.jar;E:\repo\io\reactivex\rxjava\1.3.8\rxjava-1.3.8.jar;E:\repo\com\netflix\ribbon\ribbon-eureka\2.2.5\ribbon-eureka-2.2.5.jar;E:\repo\com-weather\com-weather-model\1.0-SNAPSHOT\com-weather-model-1.0-SNAPSHOT.jar;E:\repo\com-weather\com-weather-utils\1.0-SNAPSHOT\com-weather-utils-1.0-SNAPSHOT.jar;E:\repo\org\springframework\boot\spring-boot-starter-web\2.0.1.RELEASE\spring-boot-starter-web-2.0.1.RELEASE.jar;E:\repo\org\springframework\boot\spring-boot-starter\2.0.1.RELEASE\spring-boot-starter-2.0.1.RELEASE.jar;E:\repo\org\springframework\boot\spring-boot\2.0.1.RELEASE\spring-boot-2.0.1.RELEASE.jar;E:\repo\org\springframework\boot\spring-boot-autoconfigure\2.0.1.RELEASE\spring-boot-autoconfigure-2.0.1.RELEASE.jar;E:\repo\org\springframework\boot\spring-boot-starter-logging\2.0.1.RELEASE\spring-boot-starter-logging-2.0.1.RELEASE.jar;E:\repo\ch\qos\logback\logback-classic\1.2.3\logback-classic-1.2.3.jar;E:\repo\ch\qos\logback\logback-core\1.2.3\logback-core-1.2.3.jar;E:\repo\org\apache\logging\log4j\log4j-to-slf4j\2.10.0\log4j-to-slf4j-2.10.0.jar;E:\repo\org\apache\logging\log4j\log4j-api\2.10.0\log4j-api-2.10.0.jar;E:\repo\org\slf4j\jul-to-slf4j\1.7.25\jul-to-slf4j-1.7.25.jar;E:\repo\javax\annotation\javax.annotation-api\1.3.2\javax.annotation-api-1.3.2.jar;E:\repo\org\yaml\snakeyaml\1.19\snakeyaml-1.19.jar;E:\repo\org\springframework\boot\spring-boot-starter-json\2.0.1.RELEASE\spring-boot-starter-json-2.0.1.RELEASE.jar;E:\repo\com\fasterxml\jackson\core\jackson-databind\2.9.5\jackson-databind-2.9.5.jar;E:\repo\com\fasterxml\jackson\datatype\jackson-datatype-jdk8\2.9.5\jackson-datatype-jdk8-2.9.5.jar;E:\repo\com\fasterxml\jackson\datatype\jackson-datatype-jsr310\2.9.5\jackson-datatype-jsr310-2.9.5.jar;E:\repo\com\fasterxml\jackson\module\jackson-module-parameter-names\2.9.5\jackson-module-parameter-names-2.9.5.jar;E:\repo\org\springframework\boot\spring-boot-starter-tomcat\2.0.1.RELEASE\spring-boot-starter-tomcat-2.0.1.RELEASE.jar;E:\repo\org\apache\tomcat\embed\tomcat-embed-core\8.5.29\tomcat-embed-core-8.5.29.jar;E:\repo\org\apache\tomcat\embed\tomcat-embed-el\8.5.29\tomcat-embed-el-8.5.29.jar;E:\repo\org\apache\tomcat\embed\tomcat-embed-websocket\8.5.29\tomcat-embed-websocket-8.5.29.jar;E:\repo\org\hibernate\validator\hibernate-validator\6.0.9.Final\hibernate-validator-6.0.9.Final.jar;E:\repo\javax\validation\validation-api\2.0.1.Final\validation-api-2.0.1.Final.jar;E:\repo\org\jboss\logging\jboss-logging\3.3.2.Final\jboss-logging-3.3.2.Final.jar;E:\repo\com\fasterxml\classmate\1.3.4\classmate-1.3.4.jar;E:\repo\org\springframework\spring-web\5.0.5.RELEASE\spring-web-5.0.5.RELEASE.jar;E:\repo\org\springframework\spring-beans\5.0.5.RELEASE\spring-beans-5.0.5.RELEASE.jar;E:\repo\org\springframework\spring-webmvc\5.0.5.RELEASE\spring-webmvc-5.0.5.RELEASE.jar;E:\repo\org\springframework\spring-aop\5.0.5.RELEASE\spring-aop-5.0.5.RELEASE.jar;E:\repo\org\springframework\spring-context\5.0.5.RELEASE\spring-context-5.0.5.RELEASE.jar;E:\repo\org\springframework\spring-expression\5.0.5.RELEASE\spring-expression-5.0.5.RELEASE.jar;E:\repo\org\springframework\boot\spring-boot-starter-data-redis\2.0.1.RELEASE\spring-boot-starter-data-redis-2.0.1.RELEASE.jar;E:\repo\org\springframework\data\spring-data-redis\2.0.6.RELEASE\spring-data-redis-2.0.6.RELEASE.jar;E:\repo\org\springframework\data\spring-data-keyvalue\2.0.6.RELEASE\spring-data-keyvalue-2.0.6.RELEASE.jar;E:\repo\org\springframework\data\spring-data-commons\2.0.6.RELEASE\spring-data-commons-2.0.6.RELEASE.jar;E:\repo\org\springframework\spring-oxm\5.0.5.RELEASE\spring-oxm-5.0.5.RELEASE.jar;E:\repo\io\lettuce\lettuce-core\5.0.3.RELEASE\lettuce-core-5.0.3.RELEASE.jar;E:\repo\io\projectreactor\reactor-core\3.1.6.RELEASE\reactor-core-3.1.6.RELEASE.jar;E:\repo\org\reactivestreams\reactive-streams\1.0.2\reactive-streams-1.0.2.jar;E:\repo\io\netty\netty-common\4.1.23.Final\netty-common-4.1.23.Final.jar;E:\repo\io\netty\netty-transport\4.1.23.Final\netty-transport-4.1.23.Final.jar;E:\repo\io\netty\netty-buffer\4.1.23.Final\netty-buffer-4.1.23.Final.jar;E:\repo\io\netty\netty-resolver\4.1.23.Final\netty-resolver-4.1.23.Final.jar;E:\repo\io\netty\netty-handler\4.1.23.Final\netty-handler-4.1.23.Final.jar;E:\repo\io\netty\netty-codec\4.1.23.Final\netty-codec-4.1.23.Final.jar;E:\repo\org\springframework\boot\spring-boot-starter-quartz\2.0.1.RELEASE\spring-boot-starter-quartz-2.0.1.RELEASE.jar;E:\repo\org\springframework\spring-context-support\5.0.5.RELEASE\spring-context-support-5.0.5.RELEASE.jar;E:\repo\org\springframework\spring-tx\5.0.5.RELEASE\spring-tx-5.0.5.RELEASE.jar;E:\repo\org\springframework\boot\spring-boot-starter-thymeleaf\2.0.1.RELEASE\spring-boot-starter-thymeleaf-2.0.1.RELEASE.jar;E:\repo\org\thymeleaf\thymeleaf-spring5\3.0.9.RELEASE\thymeleaf-spring5-3.0.9.RELEASE.jar;E:\repo\org\thymeleaf\thymeleaf\3.0.9.RELEASE\thymeleaf-3.0.9.RELEASE.jar;E:\repo\org\attoparser\attoparser\2.0.4.RELEASE\attoparser-2.0.4.RELEASE.jar;E:\repo\org\unbescape\unbescape\1.1.5.RELEASE\unbescape-1.1.5.RELEASE.jar;E:\repo\org\thymeleaf\extras\thymeleaf-extras-java8time\3.0.1.RELEASE\thymeleaf-extras-java8time-3.0.1.RELEASE.jar;E:\repo\org\quartz-scheduler\quartz\2.2.1\quartz-2.2.1.jar;E:\repo\c3p0\c3p0\0.9.1.1\c3p0-0.9.1.1.jar;E:\repo\org\slf4j\slf4j-api\1.7.25\slf4j-api-1.7.25.jar;E:\repo\org\springframework\boot\spring-boot-starter-test\2.0.1.RELEASE\spring-boot-starter-test-2.0.1.RELEASE.jar;E:\repo\org\springframework\boot\spring-boot-test\2.0.1.RELEASE\spring-boot-test-2.0.1.RELEASE.jar;E:\repo\org\springframework\boot\spring-boot-test-autoconfigure\2.0.1.RELEASE\spring-boot-test-autoconfigure-2.0.1.RELEASE.jar;E:\repo\com\jayway\jsonpath\json-path\2.4.0\json-path-2.4.0.jar;E:\repo\net\minidev\json-smart\2.3\json-smart-2.3.jar;E:\repo\net\minidev\accessors-smart\1.2\accessors-smart-1.2.jar;E:\repo\org\ow2\asm\asm\5.0.4\asm-5.0.4.jar;E:\repo\junit\junit\4.12\junit-4.12.jar;E:\repo\org\assertj\assertj-core\3.9.1\assertj-core-3.9.1.jar;E:\repo\org\mockito\mockito-core\2.15.0\mockito-core-2.15.0.jar;E:\repo\net\bytebuddy\byte-buddy\1.7.11\byte-buddy-1.7.11.jar;E:\repo\net\bytebuddy\byte-buddy-agent\1.7.11\byte-buddy-agent-1.7.11.jar;E:\repo\org\objenesis\objenesis\2.6\objenesis-2.6.jar;E:\repo\org\hamcrest\hamcrest-core\1.3\hamcrest-core-1.3.jar;E:\repo\org\hamcrest\hamcrest-library\1.3\hamcrest-library-1.3.jar;E:\repo\org\skyscreamer\jsonassert\1.5.0\jsonassert-1.5.0.jar;E:\repo\com\vaadin\external\google\android-json\0.0.20131108.vaadin1\android-json-0.0.20131108.vaadin1.jar;E:\repo\org\springframework\spring-core\5.0.5.RELEASE\spring-core-5.0.5.RELEASE.jar;E:\repo\org\springframework\spring-jcl\5.0.5.RELEASE\spring-jcl-5.0.5.RELEASE.jar;E:\repo\org\springframework\spring-test\5.0.5.RELEASE\spring-test-5.0.5.RELEASE.jar;E:\repo\org\xmlunit\xmlunit-core\2.5.1\xmlunit-core-2.5.1.jar;E:\repo\org\apache\httpcomponents\httpclient\4.5.6\httpclient-4.5.6.jar;E:\repo\org\apache\httpcomponents\httpcore\4.4.9\httpcore-4.4.9.jar;E:\repo\commons-codec\commons-codec\1.11\commons-codec-1.11.jar;E:\repo\org\springframework\springloaded\1.2.8.RELEASE\springloaded-1.2.8.RELEASE.jar;, user.name=Guo.WangHeng, java.vm.specification.version=1.8, sun.java.command=C:\Users\GUO~1.WAN\AppData\Local\Temp\surefire9134755386986826269\surefirebooter6048261795257909518.jar C:\Users\guo.wangheng\AppData\Local\Temp\surefire9134755386986826269 2018-09-07T00-00-12_708-jvmRun1 surefire9152412597528332079tmp surefire_06510949084322684589tmp, java.home=C:\Program Files\Java\jdk1.8.0_131\jre, sun.arch.data.model=64, user.language=zh, java.specification.vendor=Oracle Corporation, awt.toolkit=sun.awt.windows.WToolkit, java.vm.info=mixed mode, java.version=1.8.0_131, java.ext.dirs=C:\Program Files\Java\jdk1.8.0_131\jre\lib\ext;C:\Windows\Sun\Java\lib\ext, sun.boot.class.path=C:\Program Files\Java\jdk1.8.0_131\jre\lib\resources.jar;C:\Program Files\Java\jdk1.8.0_131\jre\lib\rt.jar;C:\Program Files\Java\jdk1.8.0_131\jre\lib\sunrsasign.jar;C:\Program Files\Java\jdk1.8.0_131\jre\lib\jsse.jar;C:\Program Files\Java\jdk1.8.0_131\jre\lib\jce.jar;C:\Program Files\Java\jdk1.8.0_131\jre\lib\charsets.jar;C:\Program Files\Java\jdk1.8.0_131\jre\lib\jfr.jar;C:\Program Files\Java\jdk1.8.0_131\jre\classes, java.vendor=Oracle Corporation, localRepository=E:\repo, file.separator=\, java.vendor.url.bug=http://bugreport.sun.com/bugreport/, sun.io.unicode.encoding=UnicodeLittle, sun.cpu.endian=little, sun.desktop=windows, sun.cpu.isalist=amd64}}, SystemEnvironmentPropertySource@1891502635 {name='systemEnvironment', properties={PATH=D:\oracle\product\10.2.0\client_3\bin;C:\Program Files\Java\jdk1.8.0_131\bin;C:\Program Files\Java\jdk1.8.0_131\jre\bin;C:\Windows\system32;C:\Windows;C:\Windows\System32\Wbem;G:\apache-maven-3.3.9\bin;E:\Program Files (x86)\MySQL\MySQL Server 5.5\bin;C:\Program Files\Git\cmd;C:\Program Files\TortoiseGit\bin;C:\Program Files\GeelyShareC:\Program Files\Git\cmd;C:\Program Files\TortoiseSVN\bin;E:\Ora10InstantClient, USERDOMAIN_ROAMINGPROFILE=GEELY, PROCESSOR_LEVEL=6, SYSTEMDRIVE=C:, FP_NO_HOST_CHECK=NO, SESSIONNAME=Console, ALLUSERSPROFILE=C:\ProgramData, PROCESSOR_ARCHITECTURE=AMD64, TNS_ADMIN=E:\Ora10InstantClient, DEFLOGDIR=C:\ProgramData\McAfee\Endpoint Security\Logs, MAVEN_HOME=G:\apache-maven-3.3.9, PROGRAMFILES=C:\Program Files, MOZ_PLUGIN_PATH=D:\PROGRAM FILES (X86)\FOXIT SOFTWARE\FOXIT PHANTOMPDF\plugins\, PSMODULEPATH=C:\Windows\system32\WindowsPowerShell\v1.0\Modules\, PROGRAMDATA=C:\ProgramData, USERNAME=Guo.WangHeng, USERDNSDOMAIN=GEELY.AUTO, PATHEXT=.COM;.EXE;.BAT;.CMD;.VBS;.VBE;.JS;.JSE;.WSF;.WSH;.MSC, WINDIR=C:\Windows, HOMEPATH=\Users\guo.wangheng, PROCESSOR_IDENTIFIER=Intel64 Family 6 Model 78 Stepping 3, GenuineIntel, WINDOWS_TRACING_LOGFILE=C:\BVTBin\Tests\installpackage\csilogfile.log, PUBLIC=C:\Users\Public, =::=::\, LOCALAPPDATA=C:\Users\guo.wangheng\AppData\Local, COMMONPROGRAMFILES(X86)=C:\Program Files (x86)\Common Files, USERDOMAIN=GEELY, LOGONSERVER=\\CN-BJI-DC05, JAVA_HOME=C:\Program Files\Java\jdk1.8.0_131, PROMPT=$P$G, PROGRAMFILES(X86)=C:\Program Files (x86), =G:=G:\study\Springboot-weather\com-weather-eureka-server, WINDOWS_TRACING_FLAGS=3, APPDATA=C:\Users\guo.wangheng\AppData\Roaming, PROGRAMW6432=C:\Program Files, SYSTEMROOT=C:\Windows, ORACLE_HOME=E:\Ora10InstantClient, OS=Windows_NT, COMMONPROGRAMW6432=C:\Program Files\Common Files, COMPUTERNAME=PC-00-7093GN3, COMMONPROGRAMFILES=C:\Program Files\Common Files, COMSPEC=C:\Windows\system32\cmd.exe, PROCESSOR_REVISION=4e03, CLASSPATH=.;C:\Program Files\Java\jdk1.8.0_131\lib;C:\Program Files\Java\jdk1.8.0_131\lib\tools.jar, NLS_LANG=SIMPLIFIED CHINESE_CHINA.ZHS16GBK, UATDATA=C:\Windows\CCM\UATData\D9F8C395-CAB8-491d-B8AC-179A1FE1BE77, TEMP=C:\Users\GUO~1.WAN\AppData\Local\Temp, HOMEDRIVE=C:, USERPROFILE=C:\Users\guo.wangheng, TMP=C:\Users\GUO~1.WAN\AppData\Local\Temp, VS110COMNTOOLS=E:\Program Files (x86)\Microsoft Visual Studio 11.0\Common7\Tools\, NUMBER_OF_PROCESSORS=4}}]
00:00:16.127 [main] DEBUG org.springframework.core.io.support.PathMatchingResourcePatternResolver - Resolved classpath location [com/weather/eureka/client/configuration/] to resources [URL [file:/G:/study/Springboot-weather/com-weather-eureka-server/target/test-classes/com/weather/eureka/client/configuration/], URL [file:/G:/study/Springboot-weather/com-weather-eureka-server/target/classes/com/weather/eureka/client/configuration/]]
00:00:16.128 [main] DEBUG org.springframework.core.io.support.PathMatchingResourcePatternResolver - Looking for matching resources in directory tree [G:\study\Springboot-weather\com-weather-eureka-server\target\test-classes\com\weather\eureka\client\configuration]
00:00:16.128 [main] DEBUG org.springframework.core.io.support.PathMatchingResourcePatternResolver - Searching directory [G:\study\Springboot-weather\com-weather-eureka-server\target\test-classes\com\weather\eureka\client\configuration] for files matching pattern [G:/study/Springboot-weather/com-weather-eureka-server/target/test-classes/com/weather/eureka/client/configuration/*.class]
00:00:16.132 [main] DEBUG org.springframework.core.io.support.PathMatchingResourcePatternResolver - Looking for matching resources in directory tree [G:\study\Springboot-weather\com-weather-eureka-server\target\classes\com\weather\eureka\client\configuration]
00:00:16.133 [main] DEBUG org.springframework.core.io.support.PathMatchingResourcePatternResolver - Searching directory [G:\study\Springboot-weather\com-weather-eureka-server\target\classes\com\weather\eureka\client\configuration] for files matching pattern [G:/study/Springboot-weather/com-weather-eureka-server/target/classes/com/weather/eureka/client/configuration/*.class]
00:00:16.133 [main] DEBUG org.springframework.core.io.support.PathMatchingResourcePatternResolver - Resolved location pattern [classpath*:com/weather/eureka/client/configuration/*.class] to resources [file [G:\study\Springboot-weather\com-weather-eureka-server\target\test-classes\com\weather\eureka\client\configuration\ComWeatherBasicApplicationTests.class], file [G:\study\Springboot-weather\com-weather-eureka-server\target\classes\com\weather\eureka\client\configuration\WeatherEurekaServerApplication.class]]
00:00:16.301 [main] DEBUG org.springframework.context.annotation.ClassPathScanningCandidateComponentProvider - Identified candidate component class: file [G:\study\Springboot-weather\com-weather-eureka-server\target\classes\com\weather\eureka\client\configuration\WeatherEurekaServerApplication.class]
00:00:16.303 [main] INFO org.springframework.boot.test.context.SpringBootTestContextBootstrapper - Found @SpringBootConfiguration com.weather.eureka.client.configuration.WeatherEurekaServerApplication for test class com.weather.eureka.client.configuration.ComWeatherBasicApplicationTests
00:00:16.636 [main] DEBUG org.springframework.boot.test.context.SpringBootTestContextBootstrapper - @TestExecutionListeners is not present for class [com.weather.eureka.client.configuration.ComWeatherBasicApplicationTests]: using defaults.
00:00:16.638 [main] INFO org.springframework.boot.test.context.SpringBootTestContextBootstrapper - Loaded default TestExecutionListener class names from location [META-INF/spring.factories]: [org.springframework.boot.test.mock.mockito.MockitoTestExecutionListener, org.springframework.boot.test.mock.mockito.ResetMocksTestExecutionListener, org.springframework.boot.test.autoconfigure.restdocs.RestDocsTestExecutionListener, org.springframework.boot.test.autoconfigure.web.client.MockRestServiceServerResetTestExecutionListener, org.springframework.boot.test.autoconfigure.web.servlet.MockMvcPrintOnlyOnFailureTestExecutionListener, org.springframework.boot.test.autoconfigure.web.servlet.WebDriverTestExecutionListener, org.springframework.test.context.web.ServletTestExecutionListener, org.springframework.test.context.support.DirtiesContextBeforeModesTestExecutionListener, org.springframework.test.context.support.DependencyInjectionTestExecutionListener, org.springframework.test.context.support.DirtiesContextTestExecutionListener, org.springframework.test.context.transaction.TransactionalTestExecutionListener, org.springframework.test.context.jdbc.SqlScriptsTestExecutionListener]
00:00:17.072 [main] INFO org.springframework.boot.test.context.SpringBootTestContextBootstrapper - Using TestExecutionListeners: [org.springframework.test.context.web.ServletTestExecutionListener@4d15107f, org.springframework.test.context.support.DirtiesContextBeforeModesTestExecutionListener@7b4c50bc, org.springframework.boot.test.mock.mockito.MockitoTestExecutionListener@5884a914, org.springframework.boot.test.autoconfigure.SpringBootDependencyInjectionTestExecutionListener@50378a4, org.springframework.test.context.support.DirtiesContextTestExecutionListener@60f00693, org.springframework.test.context.transaction.TransactionalTestExecutionListener@79207381, org.springframework.test.context.jdbc.SqlScriptsTestExecutionListener@491b9b8, org.springframework.boot.test.mock.mockito.ResetMocksTestExecutionListener@1a4927d6, org.springframework.boot.test.autoconfigure.restdocs.RestDocsTestExecutionListener@7a6d7e92, org.springframework.boot.test.autoconfigure.web.client.MockRestServiceServerResetTestExecutionListener@aba625, org.springframework.boot.test.autoconfigure.web.servlet.MockMvcPrintOnlyOnFailureTestExecutionListener@97e93f1, org.springframework.boot.test.autoconfigure.web.servlet.WebDriverTestExecutionListener@5a5a729f]
00:00:17.075 [main] DEBUG org.springframework.test.annotation.ProfileValueUtils - Retrieved @ProfileValueSourceConfiguration [null] for test class [com.weather.eureka.client.configuration.ComWeatherBasicApplicationTests]
00:00:17.076 [main] DEBUG org.springframework.test.annotation.ProfileValueUtils - Retrieved ProfileValueSource type [class org.springframework.test.annotation.SystemProfileValueSource] for class [com.weather.eureka.client.configuration.ComWeatherBasicApplicationTests]
00:00:17.078 [main] DEBUG org.springframework.test.annotation.ProfileValueUtils - Retrieved @ProfileValueSourceConfiguration [null] for test class [com.weather.eureka.client.configuration.ComWeatherBasicApplicationTests]
00:00:17.078 [main] DEBUG org.springframework.test.annotation.ProfileValueUtils - Retrieved ProfileValueSource type [class org.springframework.test.annotation.SystemProfileValueSource] for class [com.weather.eureka.client.configuration.ComWeatherBasicApplicationTests]
00:00:17.079 [main] DEBUG org.springframework.test.annotation.ProfileValueUtils - Retrieved @ProfileValueSourceConfiguration [null] for test class [com.weather.eureka.client.configuration.ComWeatherBasicApplicationTests]
00:00:17.079 [main] DEBUG org.springframework.test.annotation.ProfileValueUtils - Retrieved ProfileValueSource type [class org.springframework.test.annotation.SystemProfileValueSource] for class [com.weather.eureka.client.configuration.ComWeatherBasicApplicationTests]
00:00:17.085 [main] DEBUG org.springframework.test.context.support.AbstractDirtiesContextTestExecutionListener - Before test class: context [DefaultTestContext@5276d6ee testClass = ComWeatherBasicApplicationTests, testInstance = [null], testMethod = [null], testException = [null], mergedContextConfiguration = [WebMergedContextConfiguration@71687585 testClass = ComWeatherBasicApplicationTests, locations = '{}', classes = '{class com.weather.eureka.client.configuration.WeatherEurekaServerApplication}', contextInitializerClasses = '[]', activeProfiles = '{}', propertySourceLocations = '{}', propertySourceProperties = '{org.springframework.boot.test.context.SpringBootTestContextBootstrapper=true}', contextCustomizers = set[[ImportsContextCustomizer@1807f5a7 key = [org.springframework.boot.test.autoconfigure.web.servlet.MockMvcAutoConfiguration, org.springframework.boot.test.autoconfigure.web.servlet.MockMvcSecurityAutoConfiguration, org.springframework.boot.test.autoconfigure.web.servlet.MockMvcWebClientAutoConfiguration, org.springframework.boot.test.autoconfigure.web.servlet.MockMvcWebDriverAutoConfiguration]], org.springframework.boot.test.context.filter.ExcludeFilterContextCustomizer@5d740a0f, org.springframework.boot.test.json.DuplicateJsonObjectContextCustomizerFactory$DuplicateJsonObjectContextCustomizer@55ca8de8, org.springframework.boot.test.mock.mockito.MockitoContextCustomizer@0, org.springframework.boot.test.web.client.TestRestTemplateContextCustomizer@7920ba90, org.springframework.boot.test.autoconfigure.properties.PropertyMappingContextCustomizer@e7e8512, org.springframework.boot.test.autoconfigure.web.servlet.WebDriverContextCustomizerFactory$Customizer@3c153a1], resourceBasePath = 'src/main/webapp', contextLoader = 'org.springframework.boot.test.context.SpringBootContextLoader', parent = [null]], attributes = map['org.springframework.test.context.web.ServletTestExecutionListener.activateListener' -> true]], class annotated with @DirtiesContext [false] with mode [null].
00:00:17.086 [main] DEBUG org.springframework.test.annotation.ProfileValueUtils - Retrieved @ProfileValueSourceConfiguration [null] for test class [com.weather.eureka.client.configuration.ComWeatherBasicApplicationTests]
00:00:17.086 [main] DEBUG org.springframework.test.annotation.ProfileValueUtils - Retrieved ProfileValueSource type [class org.springframework.test.annotation.SystemProfileValueSource] for class [com.weather.eureka.client.configuration.ComWeatherBasicApplicationTests]
00:00:17.180 [main] DEBUG org.springframework.core.env.StandardEnvironment - Adding PropertySource 'systemProperties' with lowest search precedence
00:00:17.181 [main] DEBUG org.springframework.core.env.StandardEnvironment - Adding PropertySource 'systemEnvironment' with lowest search precedence
00:00:17.181 [main] DEBUG org.springframework.core.env.StandardEnvironment - Initialized StandardEnvironment with PropertySources [MapPropertySource@839998248 {name='systemProperties', properties={idea.version=2017.1.3, java.runtime.name=Java(TM) SE Runtime Environment, sun.boot.library.path=C:\Program Files\Java\jdk1.8.0_131\jre\bin, java.vm.version=25.131-b11, java.vm.vendor=Oracle Corporation, java.vendor.url=http://java.oracle.com/, path.separator=;, java.vm.name=Java HotSpot(TM) 64-Bit Server VM, file.encoding.pkg=sun.io, user.country=CN, user.script=, sun.java.launcher=SUN_STANDARD, sun.os.patch.level=Service Pack 1, java.vm.specification.name=Java Virtual Machine Specification, user.dir=G:\study\Springboot-weather\com-weather-eureka-server, java.runtime.version=1.8.0_131-b11, basedir=G:\study\Springboot-weather\com-weather-eureka-server, java.awt.graphicsenv=sun.awt.Win32GraphicsEnvironment, java.endorsed.dirs=C:\Program Files\Java\jdk1.8.0_131\jre\lib\endorsed, os.arch=amd64, surefire.real.class.path=C:\Users\GUO~1.WAN\AppData\Local\Temp\surefire9134755386986826269\surefirebooter6048261795257909518.jar, java.io.tmpdir=C:\Users\GUO~1.WAN\AppData\Local\Temp\, line.separator=
, java.vm.specification.vendor=Oracle Corporation, user.variant=, os.name=Windows 7, sun.jnu.encoding=GBK, java.library.path=C:\Program Files\Java\jdk1.8.0_131\jre\bin;C:\Windows\Sun\Java\bin;C:\Windows\system32;C:\Windows;D:\oracle\product\10.2.0\client_3\bin;C:\Program Files\Java\jdk1.8.0_131\bin;C:\Program Files\Java\jdk1.8.0_131\jre\bin;C:\Windows\system32;C:\Windows;C:\Windows\System32\Wbem;G:\apache-maven-3.3.9\bin;E:\Program Files (x86)\MySQL\MySQL Server 5.5\bin;C:\Program Files\Git\cmd;C:\Program Files\TortoiseGit\bin;C:\Program Files\GeelyShareC:\Program Files\Git\cmd;C:\Program Files\TortoiseSVN\bin;E:\Ora10InstantClient;., surefire.test.class.path=G:\study\Springboot-weather\com-weather-eureka-server\target\test-classes;G:\study\Springboot-weather\com-weather-eureka-server\target\classes;E:\repo\org\springframework\cloud\spring-cloud-starter-netflix-eureka-server\2.0.1.RELEASE\spring-cloud-starter-netflix-eureka-server-2.0.1.RELEASE.jar;E:\repo\org\springframework\cloud\spring-cloud-starter\2.0.1.RELEASE\spring-cloud-starter-2.0.1.RELEASE.jar;E:\repo\org\springframework\cloud\spring-cloud-context\2.0.1.RELEASE\spring-cloud-context-2.0.1.RELEASE.jar;E:\repo\org\springframework\security\spring-security-crypto\5.0.4.RELEASE\spring-security-crypto-5.0.4.RELEASE.jar;E:\repo\org\springframework\cloud\spring-cloud-commons\2.0.1.RELEASE\spring-cloud-commons-2.0.1.RELEASE.jar;E:\repo\org\springframework\security\spring-security-rsa\1.0.5.RELEASE\spring-security-rsa-1.0.5.RELEASE.jar;E:\repo\org\bouncycastle\bcpkix-jdk15on\1.56\bcpkix-jdk15on-1.56.jar;E:\repo\org\bouncycastle\bcprov-jdk15on\1.56\bcprov-jdk15on-1.56.jar;E:\repo\org\springframework\cloud\spring-cloud-netflix-eureka-server\2.0.1.RELEASE\spring-cloud-netflix-eureka-server-2.0.1.RELEASE.jar;E:\repo\org\springframework\boot\spring-boot-starter-actuator\2.0.1.RELEASE\spring-boot-starter-actuator-2.0.1.RELEASE.jar;E:\repo\org\springframework\boot\spring-boot-actuator-autoconfigure\2.0.1.RELEASE\spring-boot-actuator-autoconfigure-2.0.1.RELEASE.jar;E:\repo\org\springframework\boot\spring-boot-actuator\2.0.1.RELEASE\spring-boot-actuator-2.0.1.RELEASE.jar;E:\repo\io\micrometer\micrometer-core\1.0.3\micrometer-core-1.0.3.jar;E:\repo\org\hdrhistogram\HdrHistogram\2.1.10\HdrHistogram-2.1.10.jar;E:\repo\org\latencyutils\LatencyUtils\2.0.3\LatencyUtils-2.0.3.jar;E:\repo\org\springframework\boot\spring-boot-starter-freemarker\2.0.1.RELEASE\spring-boot-starter-freemarker-2.0.1.RELEASE.jar;E:\repo\org\freemarker\freemarker\2.3.28\freemarker-2.3.28.jar;E:\repo\org\springframework\cloud\spring-cloud-netflix-core\2.0.1.RELEASE\spring-cloud-netflix-core-2.0.1.RELEASE.jar;E:\repo\org\springframework\boot\spring-boot-starter-aop\2.0.1.RELEASE\spring-boot-starter-aop-2.0.1.RELEASE.jar;E:\repo\org\aspectj\aspectjweaver\1.8.13\aspectjweaver-1.8.13.jar;E:\repo\org\springframework\cloud\spring-cloud-netflix-eureka-client\2.0.1.RELEASE\spring-cloud-netflix-eureka-client-2.0.1.RELEASE.jar;E:\repo\com\netflix\eureka\eureka-client\1.9.3\eureka-client-1.9.3.jar;E:\repo\org\codehaus\jettison\jettison\1.3.7\jettison-1.3.7.jar;E:\repo\stax\stax-api\1.0.1\stax-api-1.0.1.jar;E:\repo\com\netflix\netflix-commons\netflix-eventbus\0.3.0\netflix-eventbus-0.3.0.jar;E:\repo\com\netflix\netflix-commons\netflix-infix\0.3.0\netflix-infix-0.3.0.jar;E:\repo\commons-jxpath\commons-jxpath\1.3\commons-jxpath-1.3.jar;E:\repo\joda-time\joda-time\2.9.9\joda-time-2.9.9.jar;E:\repo\org\antlr\antlr-runtime\3.4\antlr-runtime-3.4.jar;E:\repo\org\antlr\stringtemplate\3.2.1\stringtemplate-3.2.1.jar;E:\repo\antlr\antlr\2.7.7\antlr-2.7.7.jar;E:\repo\com\google\code\gson\gson\2.8.2\gson-2.8.2.jar;E:\repo\org\apache\commons\commons-math\2.2\commons-math-2.2.jar;E:\repo\javax\ws\rs\jsr311-api\1.1.1\jsr311-api-1.1.1.jar;E:\repo\com\netflix\servo\servo-core\0.12.21\servo-core-0.12.21.jar;E:\repo\com\sun\jersey\jersey-core\1.19.1\jersey-core-1.19.1.jar;E:\repo\com\sun\jersey\jersey-client\1.19.1\jersey-client-1.19.1.jar;E:\repo\com\sun\jersey\contribs\jersey-apache-client4\1.19.1\jersey-apache-client4-1.19.1.jar;E:\repo\com\google\inject\guice\4.1.0\guice-4.1.0.jar;E:\repo\aopalliance\aopalliance\1.0\aopalliance-1.0.jar;E:\repo\com\github\vlsi\compactmap\compactmap\1.2.1\compactmap-1.2.1.jar;E:\repo\com\github\andrewoma\dexx\dexx-collections\0.2\dexx-collections-0.2.jar;E:\repo\com\fasterxml\jackson\core\jackson-annotations\2.9.0\jackson-annotations-2.9.0.jar;E:\repo\com\fasterxml\jackson\core\jackson-core\2.9.5\jackson-core-2.9.5.jar;E:\repo\com\sun\jersey\jersey-servlet\1.19.1\jersey-servlet-1.19.1.jar;E:\repo\com\sun\jersey\jersey-server\1.19.1\jersey-server-1.19.1.jar;E:\repo\com\netflix\eureka\eureka-core\1.9.3\eureka-core-1.9.3.jar;E:\repo\org\codehaus\woodstox\woodstox-core-asl\4.4.1\woodstox-core-asl-4.4.1.jar;E:\repo\javax\xml\stream\stax-api\1.0-2\stax-api-1.0-2.jar;E:\repo\com\netflix\archaius\archaius-core\0.7.6\archaius-core-0.7.6.jar;E:\repo\com\google\code\findbugs\jsr305\3.0.1\jsr305-3.0.1.jar;E:\repo\javax\inject\javax.inject\1\javax.inject-1.jar;E:\repo\com\fasterxml\jackson\dataformat\jackson-dataformat-xml\2.9.5\jackson-dataformat-xml-2.9.5.jar;E:\repo\com\fasterxml\jackson\module\jackson-module-jaxb-annotations\2.9.5\jackson-module-jaxb-annotations-2.9.5.jar;E:\repo\org\codehaus\woodstox\stax2-api\3.1.4\stax2-api-3.1.4.jar;E:\repo\com\fasterxml\woodstox\woodstox-core\5.0.3\woodstox-core-5.0.3.jar;E:\repo\com\thoughtworks\xstream\xstream\1.4.10\xstream-1.4.10.jar;E:\repo\xmlpull\xmlpull\1.1.3.1\xmlpull-1.1.3.1.jar;E:\repo\xpp3\xpp3_min\1.1.4c\xpp3_min-1.1.4c.jar;E:\repo\org\springframework\cloud\spring-cloud-starter-netflix-archaius\2.0.1.RELEASE\spring-cloud-starter-netflix-archaius-2.0.1.RELEASE.jar;E:\repo\org\springframework\cloud\spring-cloud-netflix-ribbon\2.0.1.RELEASE\spring-cloud-netflix-ribbon-2.0.1.RELEASE.jar;E:\repo\org\springframework\cloud\spring-cloud-netflix-archaius\2.0.1.RELEASE\spring-cloud-netflix-archaius-2.0.1.RELEASE.jar;E:\repo\commons-configuration\commons-configuration\1.8\commons-configuration-1.8.jar;E:\repo\commons-lang\commons-lang\2.6\commons-lang-2.6.jar;E:\repo\org\springframework\cloud\spring-cloud-starter-netflix-ribbon\2.0.1.RELEASE\spring-cloud-starter-netflix-ribbon-2.0.1.RELEASE.jar;E:\repo\com\netflix\ribbon\ribbon\2.2.5\ribbon-2.2.5.jar;E:\repo\com\netflix\ribbon\ribbon-transport\2.2.5\ribbon-transport-2.2.5.jar;E:\repo\io\reactivex\rxnetty-contexts\0.4.9\rxnetty-contexts-0.4.9.jar;E:\repo\io\reactivex\rxnetty-servo\0.4.9\rxnetty-servo-0.4.9.jar;E:\repo\com\netflix\hystrix\hystrix-core\1.5.12\hystrix-core-1.5.12.jar;E:\repo\io\reactivex\rxnetty\0.4.9\rxnetty-0.4.9.jar;E:\repo\io\netty\netty-codec-http\4.1.23.Final\netty-codec-http-4.1.23.Final.jar;E:\repo\io\netty\netty-transport-native-epoll\4.1.23.Final\netty-transport-native-epoll-4.1.23.Final.jar;E:\repo\io\netty\netty-transport-native-unix-common\4.1.23.Final\netty-transport-native-unix-common-4.1.23.Final.jar;E:\repo\com\netflix\ribbon\ribbon-core\2.2.5\ribbon-core-2.2.5.jar;E:\repo\com\netflix\ribbon\ribbon-httpclient\2.2.5\ribbon-httpclient-2.2.5.jar;E:\repo\commons-collections\commons-collections\3.2.2\commons-collections-3.2.2.jar;E:\repo\com\netflix\netflix-commons\netflix-commons-util\0.3.0\netflix-commons-util-0.3.0.jar;E:\repo\com\netflix\ribbon\ribbon-loadbalancer\2.2.5\ribbon-loadbalancer-2.2.5.jar;E:\repo\com\netflix\netflix-commons\netflix-statistics\0.1.1\netflix-statistics-0.1.1.jar;E:\repo\io\reactivex\rxjava\1.3.8\rxjava-1.3.8.jar;E:\repo\com\netflix\ribbon\ribbon-eureka\2.2.5\ribbon-eureka-2.2.5.jar;E:\repo\com-weather\com-weather-model\1.0-SNAPSHOT\com-weather-model-1.0-SNAPSHOT.jar;E:\repo\com-weather\com-weather-utils\1.0-SNAPSHOT\com-weather-utils-1.0-SNAPSHOT.jar;E:\repo\org\springframework\boot\spring-boot-starter-web\2.0.1.RELEASE\spring-boot-starter-web-2.0.1.RELEASE.jar;E:\repo\org\springframework\boot\spring-boot-starter\2.0.1.RELEASE\spring-boot-starter-2.0.1.RELEASE.jar;E:\repo\org\springframework\boot\spring-boot\2.0.1.RELEASE\spring-boot-2.0.1.RELEASE.jar;E:\repo\org\springframework\boot\spring-boot-autoconfigure\2.0.1.RELEASE\spring-boot-autoconfigure-2.0.1.RELEASE.jar;E:\repo\org\springframework\boot\spring-boot-starter-logging\2.0.1.RELEASE\spring-boot-starter-logging-2.0.1.RELEASE.jar;E:\repo\ch\qos\logback\logback-classic\1.2.3\logback-classic-1.2.3.jar;E:\repo\ch\qos\logback\logback-core\1.2.3\logback-core-1.2.3.jar;E:\repo\org\apache\logging\log4j\log4j-to-slf4j\2.10.0\log4j-to-slf4j-2.10.0.jar;E:\repo\org\apache\logging\log4j\log4j-api\2.10.0\log4j-api-2.10.0.jar;E:\repo\org\slf4j\jul-to-slf4j\1.7.25\jul-to-slf4j-1.7.25.jar;E:\repo\javax\annotation\javax.annotation-api\1.3.2\javax.annotation-api-1.3.2.jar;E:\repo\org\yaml\snakeyaml\1.19\snakeyaml-1.19.jar;E:\repo\org\springframework\boot\spring-boot-starter-json\2.0.1.RELEASE\spring-boot-starter-json-2.0.1.RELEASE.jar;E:\repo\com\fasterxml\jackson\core\jackson-databind\2.9.5\jackson-databind-2.9.5.jar;E:\repo\com\fasterxml\jackson\datatype\jackson-datatype-jdk8\2.9.5\jackson-datatype-jdk8-2.9.5.jar;E:\repo\com\fasterxml\jackson\datatype\jackson-datatype-jsr310\2.9.5\jackson-datatype-jsr310-2.9.5.jar;E:\repo\com\fasterxml\jackson\module\jackson-module-parameter-names\2.9.5\jackson-module-parameter-names-2.9.5.jar;E:\repo\org\springframework\boot\spring-boot-starter-tomcat\2.0.1.RELEASE\spring-boot-starter-tomcat-2.0.1.RELEASE.jar;E:\repo\org\apache\tomcat\embed\tomcat-embed-core\8.5.29\tomcat-embed-core-8.5.29.jar;E:\repo\org\apache\tomcat\embed\tomcat-embed-el\8.5.29\tomcat-embed-el-8.5.29.jar;E:\repo\org\apache\tomcat\embed\tomcat-embed-websocket\8.5.29\tomcat-embed-websocket-8.5.29.jar;E:\repo\org\hibernate\validator\hibernate-validator\6.0.9.Final\hibernate-validator-6.0.9.Final.jar;E:\repo\javax\validation\validation-api\2.0.1.Final\validation-api-2.0.1.Final.jar;E:\repo\org\jboss\logging\jboss-logging\3.3.2.Final\jboss-logging-3.3.2.Final.jar;E:\repo\com\fasterxml\classmate\1.3.4\classmate-1.3.4.jar;E:\repo\org\springframework\spring-web\5.0.5.RELEASE\spring-web-5.0.5.RELEASE.jar;E:\repo\org\springframework\spring-beans\5.0.5.RELEASE\spring-beans-5.0.5.RELEASE.jar;E:\repo\org\springframework\spring-webmvc\5.0.5.RELEASE\spring-webmvc-5.0.5.RELEASE.jar;E:\repo\org\springframework\spring-aop\5.0.5.RELEASE\spring-aop-5.0.5.RELEASE.jar;E:\repo\org\springframework\spring-context\5.0.5.RELEASE\spring-context-5.0.5.RELEASE.jar;E:\repo\org\springframework\spring-expression\5.0.5.RELEASE\spring-expression-5.0.5.RELEASE.jar;E:\repo\org\springframework\boot\spring-boot-starter-data-redis\2.0.1.RELEASE\spring-boot-starter-data-redis-2.0.1.RELEASE.jar;E:\repo\org\springframework\data\spring-data-redis\2.0.6.RELEASE\spring-data-redis-2.0.6.RELEASE.jar;E:\repo\org\springframework\data\spring-data-keyvalue\2.0.6.RELEASE\spring-data-keyvalue-2.0.6.RELEASE.jar;E:\repo\org\springframework\data\spring-data-commons\2.0.6.RELEASE\spring-data-commons-2.0.6.RELEASE.jar;E:\repo\org\springframework\spring-oxm\5.0.5.RELEASE\spring-oxm-5.0.5.RELEASE.jar;E:\repo\io\lettuce\lettuce-core\5.0.3.RELEASE\lettuce-core-5.0.3.RELEASE.jar;E:\repo\io\projectreactor\reactor-core\3.1.6.RELEASE\reactor-core-3.1.6.RELEASE.jar;E:\repo\org\reactivestreams\reactive-streams\1.0.2\reactive-streams-1.0.2.jar;E:\repo\io\netty\netty-common\4.1.23.Final\netty-common-4.1.23.Final.jar;E:\repo\io\netty\netty-transport\4.1.23.Final\netty-transport-4.1.23.Final.jar;E:\repo\io\netty\netty-buffer\4.1.23.Final\netty-buffer-4.1.23.Final.jar;E:\repo\io\netty\netty-resolver\4.1.23.Final\netty-resolver-4.1.23.Final.jar;E:\repo\io\netty\netty-handler\4.1.23.Final\netty-handler-4.1.23.Final.jar;E:\repo\io\netty\netty-codec\4.1.23.Final\netty-codec-4.1.23.Final.jar;E:\repo\org\springframework\boot\spring-boot-starter-quartz\2.0.1.RELEASE\spring-boot-starter-quartz-2.0.1.RELEASE.jar;E:\repo\org\springframework\spring-context-support\5.0.5.RELEASE\spring-context-support-5.0.5.RELEASE.jar;E:\repo\org\springframework\spring-tx\5.0.5.RELEASE\spring-tx-5.0.5.RELEASE.jar;E:\repo\org\springframework\boot\spring-boot-starter-thymeleaf\2.0.1.RELEASE\spring-boot-starter-thymeleaf-2.0.1.RELEASE.jar;E:\repo\org\thymeleaf\thymeleaf-spring5\3.0.9.RELEASE\thymeleaf-spring5-3.0.9.RELEASE.jar;E:\repo\org\thymeleaf\thymeleaf\3.0.9.RELEASE\thymeleaf-3.0.9.RELEASE.jar;E:\repo\org\attoparser\attoparser\2.0.4.RELEASE\attoparser-2.0.4.RELEASE.jar;E:\repo\org\unbescape\unbescape\1.1.5.RELEASE\unbescape-1.1.5.RELEASE.jar;E:\repo\org\thymeleaf\extras\thymeleaf-extras-java8time\3.0.1.RELEASE\thymeleaf-extras-java8time-3.0.1.RELEASE.jar;E:\repo\org\quartz-scheduler\quartz\2.2.1\quartz-2.2.1.jar;E:\repo\c3p0\c3p0\0.9.1.1\c3p0-0.9.1.1.jar;E:\repo\org\slf4j\slf4j-api\1.7.25\slf4j-api-1.7.25.jar;E:\repo\org\springframework\boot\spring-boot-starter-test\2.0.1.RELEASE\spring-boot-starter-test-2.0.1.RELEASE.jar;E:\repo\org\springframework\boot\spring-boot-test\2.0.1.RELEASE\spring-boot-test-2.0.1.RELEASE.jar;E:\repo\org\springframework\boot\spring-boot-test-autoconfigure\2.0.1.RELEASE\spring-boot-test-autoconfigure-2.0.1.RELEASE.jar;E:\repo\com\jayway\jsonpath\json-path\2.4.0\json-path-2.4.0.jar;E:\repo\net\minidev\json-smart\2.3\json-smart-2.3.jar;E:\repo\net\minidev\accessors-smart\1.2\accessors-smart-1.2.jar;E:\repo\org\ow2\asm\asm\5.0.4\asm-5.0.4.jar;E:\repo\junit\junit\4.12\junit-4.12.jar;E:\repo\org\assertj\assertj-core\3.9.1\assertj-core-3.9.1.jar;E:\repo\org\mockito\mockito-core\2.15.0\mockito-core-2.15.0.jar;E:\repo\net\bytebuddy\byte-buddy\1.7.11\byte-buddy-1.7.11.jar;E:\repo\net\bytebuddy\byte-buddy-agent\1.7.11\byte-buddy-agent-1.7.11.jar;E:\repo\org\objenesis\objenesis\2.6\objenesis-2.6.jar;E:\repo\org\hamcrest\hamcrest-core\1.3\hamcrest-core-1.3.jar;E:\repo\org\hamcrest\hamcrest-library\1.3\hamcrest-library-1.3.jar;E:\repo\org\skyscreamer\jsonassert\1.5.0\jsonassert-1.5.0.jar;E:\repo\com\vaadin\external\google\android-json\0.0.20131108.vaadin1\android-json-0.0.20131108.vaadin1.jar;E:\repo\org\springframework\spring-core\5.0.5.RELEASE\spring-core-5.0.5.RELEASE.jar;E:\repo\org\springframework\spring-jcl\5.0.5.RELEASE\spring-jcl-5.0.5.RELEASE.jar;E:\repo\org\springframework\spring-test\5.0.5.RELEASE\spring-test-5.0.5.RELEASE.jar;E:\repo\org\xmlunit\xmlunit-core\2.5.1\xmlunit-core-2.5.1.jar;E:\repo\org\apache\httpcomponents\httpclient\4.5.6\httpclient-4.5.6.jar;E:\repo\org\apache\httpcomponents\httpcore\4.4.9\httpcore-4.4.9.jar;E:\repo\commons-codec\commons-codec\1.11\commons-codec-1.11.jar;E:\repo\org\springframework\springloaded\1.2.8.RELEASE\springloaded-1.2.8.RELEASE.jar;, java.specification.name=Java Platform API Specification, java.class.version=52.0, sun.management.compiler=HotSpot 64-Bit Tiered Compilers, os.version=6.1, user.home=C:\Users\guo.wangheng, user.timezone=Asia/Shanghai, java.awt.printerjob=sun.awt.windows.WPrinterJob, file.encoding=GBK, java.specification.version=1.8, java.class.path=G:\study\Springboot-weather\com-weather-eureka-server\target\test-classes;G:\study\Springboot-weather\com-weather-eureka-server\target\classes;E:\repo\org\springframework\cloud\spring-cloud-starter-netflix-eureka-server\2.0.1.RELEASE\spring-cloud-starter-netflix-eureka-server-2.0.1.RELEASE.jar;E:\repo\org\springframework\cloud\spring-cloud-starter\2.0.1.RELEASE\spring-cloud-starter-2.0.1.RELEASE.jar;E:\repo\org\springframework\cloud\spring-cloud-context\2.0.1.RELEASE\spring-cloud-context-2.0.1.RELEASE.jar;E:\repo\org\springframework\security\spring-security-crypto\5.0.4.RELEASE\spring-security-crypto-5.0.4.RELEASE.jar;E:\repo\org\springframework\cloud\spring-cloud-commons\2.0.1.RELEASE\spring-cloud-commons-2.0.1.RELEASE.jar;E:\repo\org\springframework\security\spring-security-rsa\1.0.5.RELEASE\spring-security-rsa-1.0.5.RELEASE.jar;E:\repo\org\bouncycastle\bcpkix-jdk15on\1.56\bcpkix-jdk15on-1.56.jar;E:\repo\org\bouncycastle\bcprov-jdk15on\1.56\bcprov-jdk15on-1.56.jar;E:\repo\org\springframework\cloud\spring-cloud-netflix-eureka-server\2.0.1.RELEASE\spring-cloud-netflix-eureka-server-2.0.1.RELEASE.jar;E:\repo\org\springframework\boot\spring-boot-starter-actuator\2.0.1.RELEASE\spring-boot-starter-actuator-2.0.1.RELEASE.jar;E:\repo\org\springframework\boot\spring-boot-actuator-autoconfigure\2.0.1.RELEASE\spring-boot-actuator-autoconfigure-2.0.1.RELEASE.jar;E:\repo\org\springframework\boot\spring-boot-actuator\2.0.1.RELEASE\spring-boot-actuator-2.0.1.RELEASE.jar;E:\repo\io\micrometer\micrometer-core\1.0.3\micrometer-core-1.0.3.jar;E:\repo\org\hdrhistogram\HdrHistogram\2.1.10\HdrHistogram-2.1.10.jar;E:\repo\org\latencyutils\LatencyUtils\2.0.3\LatencyUtils-2.0.3.jar;E:\repo\org\springframework\boot\spring-boot-starter-freemarker\2.0.1.RELEASE\spring-boot-starter-freemarker-2.0.1.RELEASE.jar;E:\repo\org\freemarker\freemarker\2.3.28\freemarker-2.3.28.jar;E:\repo\org\springframework\cloud\spring-cloud-netflix-core\2.0.1.RELEASE\spring-cloud-netflix-core-2.0.1.RELEASE.jar;E:\repo\org\springframework\boot\spring-boot-starter-aop\2.0.1.RELEASE\spring-boot-starter-aop-2.0.1.RELEASE.jar;E:\repo\org\aspectj\aspectjweaver\1.8.13\aspectjweaver-1.8.13.jar;E:\repo\org\springframework\cloud\spring-cloud-netflix-eureka-client\2.0.1.RELEASE\spring-cloud-netflix-eureka-client-2.0.1.RELEASE.jar;E:\repo\com\netflix\eureka\eureka-client\1.9.3\eureka-client-1.9.3.jar;E:\repo\org\codehaus\jettison\jettison\1.3.7\jettison-1.3.7.jar;E:\repo\stax\stax-api\1.0.1\stax-api-1.0.1.jar;E:\repo\com\netflix\netflix-commons\netflix-eventbus\0.3.0\netflix-eventbus-0.3.0.jar;E:\repo\com\netflix\netflix-commons\netflix-infix\0.3.0\netflix-infix-0.3.0.jar;E:\repo\commons-jxpath\commons-jxpath\1.3\commons-jxpath-1.3.jar;E:\repo\joda-time\joda-time\2.9.9\joda-time-2.9.9.jar;E:\repo\org\antlr\antlr-runtime\3.4\antlr-runtime-3.4.jar;E:\repo\org\antlr\stringtemplate\3.2.1\stringtemplate-3.2.1.jar;E:\repo\antlr\antlr\2.7.7\antlr-2.7.7.jar;E:\repo\com\google\code\gson\gson\2.8.2\gson-2.8.2.jar;E:\repo\org\apache\commons\commons-math\2.2\commons-math-2.2.jar;E:\repo\javax\ws\rs\jsr311-api\1.1.1\jsr311-api-1.1.1.jar;E:\repo\com\netflix\servo\servo-core\0.12.21\servo-core-0.12.21.jar;E:\repo\com\sun\jersey\jersey-core\1.19.1\jersey-core-1.19.1.jar;E:\repo\com\sun\jersey\jersey-client\1.19.1\jersey-client-1.19.1.jar;E:\repo\com\sun\jersey\contribs\jersey-apache-client4\1.19.1\jersey-apache-client4-1.19.1.jar;E:\repo\com\google\inject\guice\4.1.0\guice-4.1.0.jar;E:\repo\aopalliance\aopalliance\1.0\aopalliance-1.0.jar;E:\repo\com\github\vlsi\compactmap\compactmap\1.2.1\compactmap-1.2.1.jar;E:\repo\com\github\andrewoma\dexx\dexx-collections\0.2\dexx-collections-0.2.jar;E:\repo\com\fasterxml\jackson\core\jackson-annotations\2.9.0\jackson-annotations-2.9.0.jar;E:\repo\com\fasterxml\jackson\core\jackson-core\2.9.5\jackson-core-2.9.5.jar;E:\repo\com\sun\jersey\jersey-servlet\1.19.1\jersey-servlet-1.19.1.jar;E:\repo\com\sun\jersey\jersey-server\1.19.1\jersey-server-1.19.1.jar;E:\repo\com\netflix\eureka\eureka-core\1.9.3\eureka-core-1.9.3.jar;E:\repo\org\codehaus\woodstox\woodstox-core-asl\4.4.1\woodstox-core-asl-4.4.1.jar;E:\repo\javax\xml\stream\stax-api\1.0-2\stax-api-1.0-2.jar;E:\repo\com\netflix\archaius\archaius-core\0.7.6\archaius-core-0.7.6.jar;E:\repo\com\google\code\findbugs\jsr305\3.0.1\jsr305-3.0.1.jar;E:\repo\javax\inject\javax.inject\1\javax.inject-1.jar;E:\repo\com\fasterxml\jackson\dataformat\jackson-dataformat-xml\2.9.5\jackson-dataformat-xml-2.9.5.jar;E:\repo\com\fasterxml\jackson\module\jackson-module-jaxb-annotations\2.9.5\jackson-module-jaxb-annotations-2.9.5.jar;E:\repo\org\codehaus\woodstox\stax2-api\3.1.4\stax2-api-3.1.4.jar;E:\repo\com\fasterxml\woodstox\woodstox-core\5.0.3\woodstox-core-5.0.3.jar;E:\repo\com\thoughtworks\xstream\xstream\1.4.10\xstream-1.4.10.jar;E:\repo\xmlpull\xmlpull\1.1.3.1\xmlpull-1.1.3.1.jar;E:\repo\xpp3\xpp3_min\1.1.4c\xpp3_min-1.1.4c.jar;E:\repo\org\springframework\cloud\spring-cloud-starter-netflix-archaius\2.0.1.RELEASE\spring-cloud-starter-netflix-archaius-2.0.1.RELEASE.jar;E:\repo\org\springframework\cloud\spring-cloud-netflix-ribbon\2.0.1.RELEASE\spring-cloud-netflix-ribbon-2.0.1.RELEASE.jar;E:\repo\org\springframework\cloud\spring-cloud-netflix-archaius\2.0.1.RELEASE\spring-cloud-netflix-archaius-2.0.1.RELEASE.jar;E:\repo\commons-configuration\commons-configuration\1.8\commons-configuration-1.8.jar;E:\repo\commons-lang\commons-lang\2.6\commons-lang-2.6.jar;E:\repo\org\springframework\cloud\spring-cloud-starter-netflix-ribbon\2.0.1.RELEASE\spring-cloud-starter-netflix-ribbon-2.0.1.RELEASE.jar;E:\repo\com\netflix\ribbon\ribbon\2.2.5\ribbon-2.2.5.jar;E:\repo\com\netflix\ribbon\ribbon-transport\2.2.5\ribbon-transport-2.2.5.jar;E:\repo\io\reactivex\rxnetty-contexts\0.4.9\rxnetty-contexts-0.4.9.jar;E:\repo\io\reactivex\rxnetty-servo\0.4.9\rxnetty-servo-0.4.9.jar;E:\repo\com\netflix\hystrix\hystrix-core\1.5.12\hystrix-core-1.5.12.jar;E:\repo\io\reactivex\rxnetty\0.4.9\rxnetty-0.4.9.jar;E:\repo\io\netty\netty-codec-http\4.1.23.Final\netty-codec-http-4.1.23.Final.jar;E:\repo\io\netty\netty-transport-native-epoll\4.1.23.Final\netty-transport-native-epoll-4.1.23.Final.jar;E:\repo\io\netty\netty-transport-native-unix-common\4.1.23.Final\netty-transport-native-unix-common-4.1.23.Final.jar;E:\repo\com\netflix\ribbon\ribbon-core\2.2.5\ribbon-core-2.2.5.jar;E:\repo\com\netflix\ribbon\ribbon-httpclient\2.2.5\ribbon-httpclient-2.2.5.jar;E:\repo\commons-collections\commons-collections\3.2.2\commons-collections-3.2.2.jar;E:\repo\com\netflix\netflix-commons\netflix-commons-util\0.3.0\netflix-commons-util-0.3.0.jar;E:\repo\com\netflix\ribbon\ribbon-loadbalancer\2.2.5\ribbon-loadbalancer-2.2.5.jar;E:\repo\com\netflix\netflix-commons\netflix-statistics\0.1.1\netflix-statistics-0.1.1.jar;E:\repo\io\reactivex\rxjava\1.3.8\rxjava-1.3.8.jar;E:\repo\com\netflix\ribbon\ribbon-eureka\2.2.5\ribbon-eureka-2.2.5.jar;E:\repo\com-weather\com-weather-model\1.0-SNAPSHOT\com-weather-model-1.0-SNAPSHOT.jar;E:\repo\com-weather\com-weather-utils\1.0-SNAPSHOT\com-weather-utils-1.0-SNAPSHOT.jar;E:\repo\org\springframework\boot\spring-boot-starter-web\2.0.1.RELEASE\spring-boot-starter-web-2.0.1.RELEASE.jar;E:\repo\org\springframework\boot\spring-boot-starter\2.0.1.RELEASE\spring-boot-starter-2.0.1.RELEASE.jar;E:\repo\org\springframework\boot\spring-boot\2.0.1.RELEASE\spring-boot-2.0.1.RELEASE.jar;E:\repo\org\springframework\boot\spring-boot-autoconfigure\2.0.1.RELEASE\spring-boot-autoconfigure-2.0.1.RELEASE.jar;E:\repo\org\springframework\boot\spring-boot-starter-logging\2.0.1.RELEASE\spring-boot-starter-logging-2.0.1.RELEASE.jar;E:\repo\ch\qos\logback\logback-classic\1.2.3\logback-classic-1.2.3.jar;E:\repo\ch\qos\logback\logback-core\1.2.3\logback-core-1.2.3.jar;E:\repo\org\apache\logging\log4j\log4j-to-slf4j\2.10.0\log4j-to-slf4j-2.10.0.jar;E:\repo\org\apache\logging\log4j\log4j-api\2.10.0\log4j-api-2.10.0.jar;E:\repo\org\slf4j\jul-to-slf4j\1.7.25\jul-to-slf4j-1.7.25.jar;E:\repo\javax\annotation\javax.annotation-api\1.3.2\javax.annotation-api-1.3.2.jar;E:\repo\org\yaml\snakeyaml\1.19\snakeyaml-1.19.jar;E:\repo\org\springframework\boot\spring-boot-starter-json\2.0.1.RELEASE\spring-boot-starter-json-2.0.1.RELEASE.jar;E:\repo\com\fasterxml\jackson\core\jackson-databind\2.9.5\jackson-databind-2.9.5.jar;E:\repo\com\fasterxml\jackson\datatype\jackson-datatype-jdk8\2.9.5\jackson-datatype-jdk8-2.9.5.jar;E:\repo\com\fasterxml\jackson\datatype\jackson-datatype-jsr310\2.9.5\jackson-datatype-jsr310-2.9.5.jar;E:\repo\com\fasterxml\jackson\module\jackson-module-parameter-names\2.9.5\jackson-module-parameter-names-2.9.5.jar;E:\repo\org\springframework\boot\spring-boot-starter-tomcat\2.0.1.RELEASE\spring-boot-starter-tomcat-2.0.1.RELEASE.jar;E:\repo\org\apache\tomcat\embed\tomcat-embed-core\8.5.29\tomcat-embed-core-8.5.29.jar;E:\repo\org\apache\tomcat\embed\tomcat-embed-el\8.5.29\tomcat-embed-el-8.5.29.jar;E:\repo\org\apache\tomcat\embed\tomcat-embed-websocket\8.5.29\tomcat-embed-websocket-8.5.29.jar;E:\repo\org\hibernate\validator\hibernate-validator\6.0.9.Final\hibernate-validator-6.0.9.Final.jar;E:\repo\javax\validation\validation-api\2.0.1.Final\validation-api-2.0.1.Final.jar;E:\repo\org\jboss\logging\jboss-logging\3.3.2.Final\jboss-logging-3.3.2.Final.jar;E:\repo\com\fasterxml\classmate\1.3.4\classmate-1.3.4.jar;E:\repo\org\springframework\spring-web\5.0.5.RELEASE\spring-web-5.0.5.RELEASE.jar;E:\repo\org\springframework\spring-beans\5.0.5.RELEASE\spring-beans-5.0.5.RELEASE.jar;E:\repo\org\springframework\spring-webmvc\5.0.5.RELEASE\spring-webmvc-5.0.5.RELEASE.jar;E:\repo\org\springframework\spring-aop\5.0.5.RELEASE\spring-aop-5.0.5.RELEASE.jar;E:\repo\org\springframework\spring-context\5.0.5.RELEASE\spring-context-5.0.5.RELEASE.jar;E:\repo\org\springframework\spring-expression\5.0.5.RELEASE\spring-expression-5.0.5.RELEASE.jar;E:\repo\org\springframework\boot\spring-boot-starter-data-redis\2.0.1.RELEASE\spring-boot-starter-data-redis-2.0.1.RELEASE.jar;E:\repo\org\springframework\data\spring-data-redis\2.0.6.RELEASE\spring-data-redis-2.0.6.RELEASE.jar;E:\repo\org\springframework\data\spring-data-keyvalue\2.0.6.RELEASE\spring-data-keyvalue-2.0.6.RELEASE.jar;E:\repo\org\springframework\data\spring-data-commons\2.0.6.RELEASE\spring-data-commons-2.0.6.RELEASE.jar;E:\repo\org\springframework\spring-oxm\5.0.5.RELEASE\spring-oxm-5.0.5.RELEASE.jar;E:\repo\io\lettuce\lettuce-core\5.0.3.RELEASE\lettuce-core-5.0.3.RELEASE.jar;E:\repo\io\projectreactor\reactor-core\3.1.6.RELEASE\reactor-core-3.1.6.RELEASE.jar;E:\repo\org\reactivestreams\reactive-streams\1.0.2\reactive-streams-1.0.2.jar;E:\repo\io\netty\netty-common\4.1.23.Final\netty-common-4.1.23.Final.jar;E:\repo\io\netty\netty-transport\4.1.23.Final\netty-transport-4.1.23.Final.jar;E:\repo\io\netty\netty-buffer\4.1.23.Final\netty-buffer-4.1.23.Final.jar;E:\repo\io\netty\netty-resolver\4.1.23.Final\netty-resolver-4.1.23.Final.jar;E:\repo\io\netty\netty-handler\4.1.23.Final\netty-handler-4.1.23.Final.jar;E:\repo\io\netty\netty-codec\4.1.23.Final\netty-codec-4.1.23.Final.jar;E:\repo\org\springframework\boot\spring-boot-starter-quartz\2.0.1.RELEASE\spring-boot-starter-quartz-2.0.1.RELEASE.jar;E:\repo\org\springframework\spring-context-support\5.0.5.RELEASE\spring-context-support-5.0.5.RELEASE.jar;E:\repo\org\springframework\spring-tx\5.0.5.RELEASE\spring-tx-5.0.5.RELEASE.jar;E:\repo\org\springframework\boot\spring-boot-starter-thymeleaf\2.0.1.RELEASE\spring-boot-starter-thymeleaf-2.0.1.RELEASE.jar;E:\repo\org\thymeleaf\thymeleaf-spring5\3.0.9.RELEASE\thymeleaf-spring5-3.0.9.RELEASE.jar;E:\repo\org\thymeleaf\thymeleaf\3.0.9.RELEASE\thymeleaf-3.0.9.RELEASE.jar;E:\repo\org\attoparser\attoparser\2.0.4.RELEASE\attoparser-2.0.4.RELEASE.jar;E:\repo\org\unbescape\unbescape\1.1.5.RELEASE\unbescape-1.1.5.RELEASE.jar;E:\repo\org\thymeleaf\extras\thymeleaf-extras-java8time\3.0.1.RELEASE\thymeleaf-extras-java8time-3.0.1.RELEASE.jar;E:\repo\org\quartz-scheduler\quartz\2.2.1\quartz-2.2.1.jar;E:\repo\c3p0\c3p0\0.9.1.1\c3p0-0.9.1.1.jar;E:\repo\org\slf4j\slf4j-api\1.7.25\slf4j-api-1.7.25.jar;E:\repo\org\springframework\boot\spring-boot-starter-test\2.0.1.RELEASE\spring-boot-starter-test-2.0.1.RELEASE.jar;E:\repo\org\springframework\boot\spring-boot-test\2.0.1.RELEASE\spring-boot-test-2.0.1.RELEASE.jar;E:\repo\org\springframework\boot\spring-boot-test-autoconfigure\2.0.1.RELEASE\spring-boot-test-autoconfigure-2.0.1.RELEASE.jar;E:\repo\com\jayway\jsonpath\json-path\2.4.0\json-path-2.4.0.jar;E:\repo\net\minidev\json-smart\2.3\json-smart-2.3.jar;E:\repo\net\minidev\accessors-smart\1.2\accessors-smart-1.2.jar;E:\repo\org\ow2\asm\asm\5.0.4\asm-5.0.4.jar;E:\repo\junit\junit\4.12\junit-4.12.jar;E:\repo\org\assertj\assertj-core\3.9.1\assertj-core-3.9.1.jar;E:\repo\org\mockito\mockito-core\2.15.0\mockito-core-2.15.0.jar;E:\repo\net\bytebuddy\byte-buddy\1.7.11\byte-buddy-1.7.11.jar;E:\repo\net\bytebuddy\byte-budd
[...]
	at org.springframework.test.context.junit4.SpringJUnit4ClassRunner.createTest(SpringJUnit4ClassRunner.java:227) [spring-test-5.0.5.RELEASE.jar:5.0.5.RELEASE]
	at org.springframework.test.context.junit4.SpringJUnit4ClassRunner$1.runReflectiveCall(SpringJUnit4ClassRunner.java:289) [spring-test-5.0.5.RELEASE.jar:5.0.5.RELEASE]
	at org.junit.internal.runners.model.ReflectiveCallable.run(ReflectiveCallable.java:12) [junit-4.12.jar:4.12]
	at org.springframework.test.context.junit4.SpringJUnit4ClassRunner.methodBlock(SpringJUnit4ClassRunner.java:291) [spring-test-5.0.5.RELEASE.jar:5.0.5.RELEASE]
	at org.springframework.test.context.junit4.SpringJUnit4ClassRunner.runChild(SpringJUnit4ClassRunner.java:246) [spring-test-5.0.5.RELEASE.jar:5.0.5.RELEASE]
	at org.springframework.test.context.junit4.SpringJUnit4ClassRunner.runChild(SpringJUnit4ClassRunner.java:97) [spring-test-5.0.5.RELEASE.jar:5.0.5.RELEASE]
	at org.junit.runners.ParentRunner$3.run(ParentRunner.java:290) [junit-4.12.jar:4.12]
	at org.junit.runners.ParentRunner$1.schedule(ParentRunner.java:71) [junit-4.12.jar:4.12]
	at org.junit.runners.ParentRunner.runChildren(ParentRunner.java:288) [junit-4.12.jar:4.12]
	at org.junit.runners.ParentRunner.access$000(ParentRunner.java:58) [junit-4.12.jar:4.12]
	at org.junit.runners.ParentRunner$2.evaluate(ParentRunner.java:268) [junit-4.12.jar:4.12]
	at org.springframework.test.context.junit4.statements.RunBeforeTestClassCallbacks.evaluate(RunBeforeTestClassCallbacks.java:61) [spring-test-5.0.5.RELEASE.jar:5.0.5.RELEASE]
	at org.springframework.test.context.junit4.statements.RunAfterTestClassCallbacks.evaluate(RunAfterTestClassCallbacks.java:70) [spring-test-5.0.5.RELEASE.jar:5.0.5.RELEASE]
	at org.junit.runners.ParentRunner.run(ParentRunner.java:363) [junit-4.12.jar:4.12]
	at org.springframework.test.context.junit4.SpringJUnit4ClassRunner.run(SpringJUnit4ClassRunner.java:190) [spring-test-5.0.5.RELEASE.jar:5.0.5.RELEASE]
	at org.apache.maven.surefire.junit4.JUnit4Provider.execute(JUnit4Provider.java:365) [surefire-junit4-2.21.0.jar:2.21.0]
	at org.apache.maven.surefire.junit4.JUnit4Provider.executeWithRerun(JUnit4Provider.java:273) [surefire-junit4-2.21.0.jar:2.21.0]
	at org.apache.maven.surefire.junit4.JUnit4Provider.executeTestSet(JUnit4Provider.java:238) [surefire-junit4-2.21.0.jar:2.21.0]
	at org.apache.maven.surefire.junit4.JUnit4Provider.invoke(JUnit4Provider.java:159) [surefire-junit4-2.21.0.jar:2.21.0]
	at org.apache.maven.surefire.booter.ForkedBooter.invokeProviderInSameClassLoader(ForkedBooter.java:379) [surefire-booter-2.21.0.jar:2.21.0]
	at org.apache.maven.surefire.booter.ForkedBooter.runSuitesInProcess(ForkedBooter.java:340) [surefire-booter-2.21.0.jar:2.21.0]
	at org.apache.maven.surefire.booter.ForkedBooter.execute(ForkedBooter.java:125) [surefire-booter-2.21.0.jar:2.21.0]
	at org.apache.maven.surefire.booter.ForkedBooter.main(ForkedBooter.java:413) [surefire-booter-2.21.0.jar:2.21.0]
Caused by: org.springframework.beans.factory.BeanCreationException: Error creating bean with name 'pathMappedEndpoints' defined in class path resource [org/springframework/boot/actuate/autoconfigure/endpoint/web/WebEndpointAutoConfiguration.class]: Bean instantiation via factory method failed; nested exception is org.springframework.beans.BeanInstantiationException: Failed to instantiate [org.springframework.boot.actuate.endpoint.web.PathMappedEndpoints]: Factory method 'pathMappedEndpoints' threw exception; nested exception is org.springframework.beans.factory.UnsatisfiedDependencyException: Error creating bean with name 'metricsEndpoint' defined in class path resource [org/springframework/boot/actuate/autoconfigure/metrics/MetricsEndpointAutoConfiguration.class]: Unsatisfied dependency expressed through method 'metricsEndpoint' parameter 0; nested exception is org.springframework.beans.factory.BeanCreationException: Error creating bean with name 'simpleMeterRegistry' defined in class path resource [org/springframework/boot/actuate/autoconfigure/metrics/export/simple/SimpleMetricsExportAutoConfiguration.class]: Initialization of bean failed; nested exception is java.lang.NoClassDefFoundError: com/google/common/collect/Lists
	at org.springframework.beans.factory.support.ConstructorResolver.instantiateUsingFactoryMethod(ConstructorResolver.java:587) ~[spring-beans-5.0.5.RELEASE.jar:5.0.5.RELEASE]
	at org.springframework.beans.factory.support.AbstractAutowireCapableBeanFactory.instantiateUsingFactoryMethod(AbstractAutowireCapableBeanFactory.java:1250) ~[spring-beans-5.0.5.RELEASE.jar:5.0.5.RELEASE]
	at org.springframework.beans.factory.support.AbstractAutowireCapableBeanFactory.createBeanInstance(AbstractAutowireCapableBeanFactory.java:1099) ~[spring-beans-5.0.5.RELEASE.jar:5.0.5.RELEASE]
	at org.springframework.beans.factory.support.AbstractAutowireCapableBeanFactory.doCreateBean(AbstractAutowireCapableBeanFactory.java:541) ~[spring-beans-5.0.5.RELEASE.jar:5.0.5.RELEASE]
	at org.springframework.beans.factory.support.AbstractAutowireCapableBeanFactory.createBean(AbstractAutowireCapableBeanFactory.java:501) ~[spring-beans-5.0.5.RELEASE.jar:5.0.5.RELEASE]
	at org.springframework.beans.factory.support.AbstractBeanFactory.lambda$doGetBean$0(AbstractBeanFactory.java:317) ~[spring-beans-5.0.5.RELEASE.jar:5.0.5.RELEASE]
	at org.springframework.beans.factory.support.DefaultSingletonBeanRegistry.getSingleton(DefaultSingletonBeanRegistry.java:228) ~[spring-beans-5.0.5.RELEASE.jar:5.0.5.RELEASE]
	at org.springframework.beans.factory.support.AbstractBeanFactory.doGetBean(AbstractBeanFactory.java:315) ~[spring-beans-5.0.5.RELEASE.jar:5.0.5.RELEASE]
	at org.springframework.beans.factory.support.AbstractBeanFactory.getBean(AbstractBeanFactory.java:199) ~[spring-beans-5.0.5.RELEASE.jar:5.0.5.RELEASE]
	at org.springframework.beans.factory.support.DefaultListableBeanFactory.preInstantiateSingletons(DefaultListableBeanFactory.java:760) ~[spring-beans-5.0.5.RELEASE.jar:5.0.5.RELEASE]
	at org.springframework.context.support.AbstractApplicationContext.finishBeanFactoryInitialization(AbstractApplicationContext.java:869) ~[spring-context-5.0.5.RELEASE.jar:5.0.5.RELEASE]
	at org.springframework.context.support.AbstractApplicationContext.refresh(AbstractApplicationContext.java:550) ~[spring-context-5.0.5.RELEASE.jar:5.0.5.RELEASE]
	at org.springframework.boot.SpringApplication.refresh(SpringApplication.java:759) ~[spring-boot-2.0.1.RELEASE.jar:2.0.1.RELEASE]
	at org.springframework.boot.SpringApplication.refreshContext(SpringApplication.java:395) ~[spring-boot-2.0.1.RELEASE.jar:2.0.1.RELEASE]
	at org.springframework.boot.SpringApplication.run(SpringApplication.java:327) ~[spring-boot-2.0.1.RELEASE.jar:2.0.1.RELEASE]
	at org.springframework.boot.test.context.SpringBootContextLoader.loadContext(SpringBootContextLoader.java:138) ~[spring-boot-test-2.0.1.RELEASE.jar:2.0.1.RELEASE]
	at org.springframework.test.context.cache.DefaultCacheAwareContextLoaderDelegate.loadContextInternal(DefaultCacheAwareContextLoaderDelegate.java:99) ~[spring-test-5.0.5.RELEASE.jar:5.0.5.RELEASE]
	at org.springframework.test.context.cache.DefaultCacheAwareContextLoaderDelegate.loadContext(DefaultCacheAwareContextLoaderDelegate.java:117) ~[spring-test-5.0.5.RELEASE.jar:5.0.5.RELEASE]
	... 27 common frames omitted
Caused by: org.springframework.beans.BeanInstantiationException: Failed to instantiate [org.springframework.boot.actuate.endpoint.web.PathMappedEndpoints]: Factory method 'pathMappedEndpoints' threw exception; nested exception is org.springframework.beans.factory.UnsatisfiedDependencyException: Error creating bean with name 'metricsEndpoint' defined in class path resource [org/springframework/boot/actuate/autoconfigure/metrics/MetricsEndpointAutoConfiguration.class]: Unsatisfied dependency expressed through method 'metricsEndpoint' parameter 0; nested exception is org.springframework.beans.factory.BeanCreationException: Error creating bean with name 'simpleMeterRegistry' defined in class path resource [org/springframework/boot/actuate/autoconfigure/metrics/export/simple/SimpleMetricsExportAutoConfiguration.class]: Initialization of bean failed; nested exception is java.lang.NoClassDefFoundError: com/google/common/collect/Lists
	at org.springframework.beans.factory.support.SimpleInstantiationStrategy.instantiate(SimpleInstantiationStrategy.java:185) ~[spring-beans-5.0.5.RELEASE.jar:5.0.5.RELEASE]
	at org.springframework.beans.factory.support.ConstructorResolver.instantiateUsingFactoryMethod(ConstructorResolver.java:579) ~[spring-beans-5.0.5.RELEASE.jar:5.0.5.RELEASE]
	... 44 common frames omitted
Caused by: org.springframework.beans.factory.UnsatisfiedDependencyException: Error creating bean with name 'metricsEndpoint' defined in class path resource [org/springframework/boot/actuate/autoconfigure/metrics/MetricsEndpointAutoConfiguration.class]: Unsatisfied dependency expressed through method 'metricsEndpoint' parameter 0; nested exception is org.springframework.beans.factory.BeanCreationException: Error creating bean with name 'simpleMeterRegistry' defined in class path resource [org/springframework/boot/actuate/autoconfigure/metrics/export/simple/SimpleMetricsExportAutoConfiguration.class]: Initialization of bean failed; nested exception is java.lang.NoClassDefFoundError: com/google/common/collect/Lists
	at org.springframework.beans.factory.support.ConstructorResolver.createArgumentArray(ConstructorResolver.java:729) ~[spring-beans-5.0.5.RELEASE.jar:5.0.5.RELEASE]
	at org.springframework.beans.factory.support.ConstructorResolver.instantiateUsingFactoryMethod(ConstructorResolver.java:470) ~[spring-beans-5.0.5.RELEASE.jar:5.0.5.RELEASE]
	at org.springframework.beans.factory.support.AbstractAutowireCapableBeanFactory.instantiateUsingFactoryMethod(AbstractAutowireCapableBeanFactory.java:1250) ~[spring-beans-5.0.5.RELEASE.jar:5.0.5.RELEASE]
	at org.springframework.beans.factory.support.AbstractAutowireCapableBeanFactory.createBeanInstance(AbstractAutowireCapableBeanFactory.java:1099) ~[spring-beans-5.0.5.RELEASE.jar:5.0.5.RELEASE]
	at org.springframework.beans.factory.support.AbstractAutowireCapableBeanFactory.doCreateBean(AbstractAutowireCapableBeanFactory.java:541) ~[spring-beans-5.0.5.RELEASE.jar:5.0.5.RELEASE]
	at org.springframework.beans.factory.support.AbstractAutowireCapableBeanFactory.createBean(AbstractAutowireCapableBeanFactory.java:501) ~[spring-beans-5.0.5.RELEASE.jar:5.0.5.RELEASE]
	at org.springframework.beans.factory.support.AbstractBeanFactory.lambda$doGetBean$0(AbstractBeanFactory.java:317) ~[spring-beans-5.0.5.RELEASE.jar:5.0.5.RELEASE]
	at org.springframework.beans.factory.support.DefaultSingletonBeanRegistry.getSingleton(DefaultSingletonBeanRegistry.java:228) ~[spring-beans-5.0.5.RELEASE.jar:5.0.5.RELEASE]
	at org.springframework.beans.factory.support.AbstractBeanFactory.doGetBean(AbstractBeanFactory.java:315) ~[spring-beans-5.0.5.RELEASE.jar:5.0.5.RELEASE]
	at org.springframework.beans.factory.support.AbstractBeanFactory.getBean(AbstractBeanFactory.java:199) ~[spring-beans-5.0.5.RELEASE.jar:5.0.5.RELEASE]
	at org.springframework.context.support.AbstractApplicationContext.getBean(AbstractApplicationContext.java:1089) ~[spring-context-5.0.5.RELEASE.jar:5.0.5.RELEASE]
	at org.springframework.boot.actuate.endpoint.annotation.EndpointDiscoverer.createEndpointBean(EndpointDiscoverer.java:143) ~[spring-boot-actuator-2.0.1.RELEASE.jar:2.0.1.RELEASE]
	at org.springframework.boot.actuate.endpoint.annotation.EndpointDiscoverer.createEndpointBeans(EndpointDiscoverer.java:132) ~[spring-boot-actuator-2.0.1.RELEASE.jar:2.0.1.RELEASE]
	at org.springframework.boot.actuate.endpoint.annotation.EndpointDiscoverer.discoverEndpoints(EndpointDiscoverer.java:122) ~[spring-boot-actuator-2.0.1.RELEASE.jar:2.0.1.RELEASE]
	at org.springframework.boot.actuate.endpoint.annotation.EndpointDiscoverer.getEndpoints(EndpointDiscoverer.java:116) ~[spring-boot-actuator-2.0.1.RELEASE.jar:2.0.1.RELEASE]
	at org.springframework.boot.actuate.endpoint.web.PathMappedEndpoints.lambda$getEndpoints$1(PathMappedEndpoints.java:69) ~[spring-boot-actuator-2.0.1.RELEASE.jar:2.0.1.RELEASE]
	at java.util.LinkedHashMap$LinkedValues.forEach(LinkedHashMap.java:608) ~[na:1.8.0_131]
	at org.springframework.boot.actuate.endpoint.web.PathMappedEndpoints.getEndpoints(PathMappedEndpoints.java:68) ~[spring-boot-actuator-2.0.1.RELEASE.jar:2.0.1.RELEASE]
	at org.springframework.boot.actuate.endpoint.web.PathMappedEndpoints.<init>(PathMappedEndpoints.java:62) ~[spring-boot-actuator-2.0.1.RELEASE.jar:2.0.1.RELEASE]
	at org.springframework.boot.actuate.autoconfigure.endpoint.web.WebEndpointAutoConfiguration.pathMappedEndpoints(WebEndpointAutoConfiguration.java:120) ~[spring-boot-actuator-autoconfigure-2.0.1.RELEASE.jar:2.0.1.RELEASE]
	at org.springframework.boot.actuate.autoconfigure.endpoint.web.WebEndpointAutoConfiguration$$EnhancerBySpringCGLIB$$b482add7.CGLIB$pathMappedEndpoints$6(<generated>) ~[spring-boot-actuator-autoconfigure-2.0.1.RELEASE.jar:2.0.1.RELEASE]
	at org.springframework.boot.actuate.autoconfigure.endpoint.web.WebEndpointAutoConfiguration$$EnhancerBySpringCGLIB$$b482add7$$FastClassBySpringCGLIB$$e7da6975.invoke(<generated>) ~[spring-boot-actuator-autoconfigure-2.0.1.RELEASE.jar:2.0.1.RELEASE]
	at org.springframework.cglib.proxy.MethodProxy.invokeSuper(MethodProxy.java:228) ~[spring-core-5.0.5.RELEASE.jar:5.0.5.RELEASE]
	at org.springframework.context.annotation.ConfigurationClassEnhancer$BeanMethodInterceptor.intercept(ConfigurationClassEnhancer.java:361) ~[spring-context-5.0.5.RELEASE.jar:5.0.5.RELEASE]
	at org.springframework.boot.actuate.autoconfigure.endpoint.web.WebEndpointAutoConfiguration$$EnhancerBySpringCGLIB$$b482add7.pathMappedEndpoints(<generated>) ~[spring-boot-actuator-autoconfigure-2.0.1.RELEASE.jar:2.0.1.RELEASE]
	at sun.reflect.NativeMethodAccessorImpl.invoke0(Native Method) ~[na:1.8.0_131]
	at sun.reflect.NativeMethodAccessorImpl.invoke(NativeMethodAccessorImpl.java:62) ~[na:1.8.0_131]
	at sun.reflect.DelegatingMethodAccessorImpl.invoke(DelegatingMethodAccessorImpl.java:43) ~[na:1.8.0_131]
	at java.lang.reflect.Method.invoke(Method.java:498) ~[na:1.8.0_131]
	at org.springframework.beans.factory.support.SimpleInstantiationStrategy.instantiate(SimpleInstantiationStrategy.java:154) ~[spring-beans-5.0.5.RELEASE.jar:5.0.5.RELEASE]
	... 45 common frames omitted
Caused by: org.springframework.beans.factory.BeanCreationException: Error creating bean with name 'simpleMeterRegistry' defined in class path resource [org/springframework/boot/actuate/autoconfigure/metrics/export/simple/SimpleMetricsExportAutoConfiguration.class]: Initialization of bean failed; nested exception is java.lang.NoClassDefFoundError: com/google/common/collect/Lists
	at org.springframework.beans.factory.support.AbstractAutowireCapableBeanFactory.doCreateBean(AbstractAutowireCapableBeanFactory.java:587) ~[spring-beans-5.0.5.RELEASE.jar:5.0.5.RELEASE]
	at org.springframework.beans.factory.support.AbstractAutowireCapableBeanFactory.createBean(AbstractAutowireCapableBeanFactory.java:501) ~[spring-beans-5.0.5.RELEASE.jar:5.0.5.RELEASE]
	at org.springframework.beans.factory.support.AbstractBeanFactory.lambda$doGetBean$0(AbstractBeanFactory.java:317) ~[spring-beans-5.0.5.RELEASE.jar:5.0.5.RELEASE]
	at org.springframework.beans.factory.support.DefaultSingletonBeanRegistry.getSingleton(DefaultSingletonBeanRegistry.java:228) ~[spring-beans-5.0.5.RELEASE.jar:5.0.5.RELEASE]
	at org.springframework.beans.factory.support.AbstractBeanFactory.doGetBean(AbstractBeanFactory.java:315) ~[spring-beans-5.0.5.RELEASE.jar:5.0.5.RELEASE]
	at org.springframework.beans.factory.support.AbstractBeanFactory.getBean(AbstractBeanFactory.java:199) ~[spring-beans-5.0.5.RELEASE.jar:5.0.5.RELEASE]
	at org.springframework.beans.factory.config.DependencyDescriptor.resolveCandidate(DependencyDescriptor.java:251) ~[spring-beans-5.0.5.RELEASE.jar:5.0.5.RELEASE]
	at org.springframework.beans.factory.support.DefaultListableBeanFactory.doResolveDependency(DefaultListableBeanFactory.java:1138) ~[spring-beans-5.0.5.RELEASE.jar:5.0.5.RELEASE]
	at org.springframework.beans.factory.support.DefaultListableBeanFactory.resolveDependency(DefaultListableBeanFactory.java:1065) ~[spring-beans-5.0.5.RELEASE.jar:5.0.5.RELEASE]
	at org.springframework.beans.factory.support.ConstructorResolver.resolveAutowiredArgument(ConstructorResolver.java:815) ~[spring-beans-5.0.5.RELEASE.jar:5.0.5.RELEASE]
	at org.springframework.beans.factory.support.ConstructorResolver.createArgumentArray(ConstructorResolver.java:721) ~[spring-beans-5.0.5.RELEASE.jar:5.0.5.RELEASE]
	... 74 common frames omitted
Caused by: java.lang.NoClassDefFoundError: com/google/common/collect/Lists
	at com.netflix.config.PropertyWrapper.<init>(PropertyWrapper.java:41) ~[archaius-core-0.7.6.jar:0.7.6]
	at com.netflix.hystrix.strategy.properties.archaius.HystrixDynamicPropertiesArchaius$ArchaiusDynamicProperty.<init>(HystrixDynamicPropertiesArchaius.java:62) ~[hystrix-core-1.5.12.jar:1.5.12]
	at com.netflix.hystrix.strategy.properties.archaius.HystrixDynamicPropertiesArchaius$StringDynamicProperty.<init>(HystrixDynamicPropertiesArchaius.java:73) ~[hystrix-core-1.5.12.jar:1.5.12]
	at com.netflix.hystrix.strategy.properties.archaius.HystrixDynamicPropertiesArchaius.getString(HystrixDynamicPropertiesArchaius.java:34) ~[hystrix-core-1.5.12.jar:1.5.12]
	at com.netflix.hystrix.strategy.HystrixPlugins.getPluginImplementationViaProperties(HystrixPlugins.java:344) ~[hystrix-core-1.5.12.jar:1.5.12]
	at com.netflix.hystrix.strategy.HystrixPlugins.getPluginImplementation(HystrixPlugins.java:334) ~[hystrix-core-1.5.12.jar:1.5.12]
	at com.netflix.hystrix.strategy.HystrixPlugins.getEventNotifier(HystrixPlugins.java:129) ~[hystrix-core-1.5.12.jar:1.5.12]
	at io.micrometer.core.instrument.binder.hystrix.HystrixMetricsBinder.bindTo(HystrixMetricsBinder.java:35) ~[micrometer-core-1.0.3.jar:1.0.3]
	at org.springframework.boot.actuate.autoconfigure.metrics.MeterRegistryConfigurer.lambda$addBinders$1(MeterRegistryConfigurer.java:84) ~[spring-boot-actuator-autoconfigure-2.0.1.RELEASE.jar:2.0.1.RELEASE]
	at java.util.LinkedHashMap$LinkedValues.forEach(LinkedHashMap.java:608) ~[na:1.8.0_131]
	at org.springframework.boot.actuate.autoconfigure.metrics.MeterRegistryConfigurer.addBinders(MeterRegistryConfigurer.java:84) ~[spring-boot-actuator-autoconfigure-2.0.1.RELEASE.jar:2.0.1.RELEASE]
	at org.springframework.boot.actuate.autoconfigure.metrics.MeterRegistryConfigurer.configure(MeterRegistryConfigurer.java:66) ~[spring-boot-actuator-autoconfigure-2.0.1.RELEASE.jar:2.0.1.RELEASE]
	at org.springframework.boot.actuate.autoconfigure.metrics.MeterRegistryPostProcessor.postProcessAfterInitialization(MeterRegistryPostProcessor.java:51) ~[spring-boot-actuator-autoconfigure-2.0.1.RELEASE.jar:2.0.1.RELEASE]
	at org.springframework.beans.factory.support.AbstractAutowireCapableBeanFactory.applyBeanPostProcessorsAfterInitialization(AbstractAutowireCapableBeanFactory.java:437) ~[spring-beans-5.0.5.RELEASE.jar:5.0.5.RELEASE]
	at org.springframework.beans.factory.support.AbstractAutowireCapableBeanFactory.initializeBean(AbstractAutowireCapableBeanFactory.java:1706) ~[spring-beans-5.0.5.RELEASE.jar:5.0.5.RELEASE]
	at org.springframework.beans.factory.support.AbstractAutowireCapableBeanFactory.doCreateBean(AbstractAutowireCapableBeanFactory.java:579) ~[spring-beans-5.0.5.RELEASE.jar:5.0.5.RELEASE]
	... 84 common frames omitted
Caused by: java.lang.ClassNotFoundException: com.google.common.collect.Lists
	at java.net.URLClassLoader.findClass(URLClassLoader.java:381) ~[na:1.8.0_131]
	at java.lang.ClassLoader.loadClass(ClassLoader.java:424) ~[na:1.8.0_131]
	at sun.misc.Launcher$AppClassLoader.loadClass(Launcher.java:335) ~[na:1.8.0_131]
	at java.lang.ClassLoader.loadClass(ClassLoader.java:357) ~[na:1.8.0_131]
	... 100 common frames omitted

]]></system-out>
  </testcase>
</testsuite>